{"/Users/Gavin/codefellows/postGrad/reactDataVisualization/src/App.js": {"path":"/Users/Gavin/codefellows/postGrad/reactDataVisualization/src/App.js","statementMap":{"0":{"start":{"line":1,"column":13},"end":{"line":1,"column":75}},"1":{"start":{"line":1,"column":94},"end":{"line":1,"column":163}},"2":{"start":{"line":1,"column":177},"end":{"line":1,"column":193}},"3":{"start":{"line":1,"column":208},"end":{"line":1,"column":238}},"4":{"start":{"line":2,"column":12},"end":{"line":2,"column":33}},"5":{"start":{"line":2,"column":47},"end":{"line":2,"column":76}},"6":{"start":{"line":3,"column":0},"end":{"line":3,"column":21}},"7":{"start":{"line":4,"column":20},"end":{"line":4,"column":61}},"8":{"start":{"line":4,"column":83},"end":{"line":4,"column":120}},"9":{"start":{"line":5,"column":19},"end":{"line":5,"column":59}},"10":{"start":{"line":5,"column":80},"end":{"line":5,"column":116}},"11":{"start":{"line":6,"column":15},"end":{"line":6,"column":51}},"12":{"start":{"line":6,"column":68},"end":{"line":6,"column":100}},"13":{"start":{"line":7,"column":13},"end":{"line":7,"column":29}},"14":{"start":{"line":7,"column":44},"end":{"line":7,"column":74}},"15":{"start":{"line":8,"column":22},"end":{"line":8,"column":65}},"16":{"start":{"line":8,"column":89},"end":{"line":8,"column":128}},"17":{"start":{"line":9,"column":18},"end":{"line":9,"column":57}},"18":{"start":{"line":9,"column":77},"end":{"line":9,"column":112}},"19":{"start":{"line":10,"column":12},"end":{"line":10,"column":39}},"20":{"start":{"line":10,"column":53},"end":{"line":10,"column":82}},"21":{"start":{"line":11,"column":18},"end":{"line":11,"column":40}},"22":{"start":{"line":12,"column":16},"end":{"line":12,"column":35}},"23":{"start":{"line":12,"column":53},"end":{"line":12,"column":86}},"24":{"start":{"line":12,"column":125},"end":{"line":12,"column":179}},"25":{"start":{"line":16,"column":4},"end":{"line":16,"column":17}},"26":{"start":{"line":17,"column":4},"end":{"line":20,"column":21}},"27":{"start":{"line":24,"column":17},"end":{"line":30,"column":41}},"28":{"start":{"line":32,"column":4},"end":{"line":32,"column":45}},"29":{"start":{"line":35,"column":4},"end":{"line":35,"column":64}},"30":{"start":{"line":39,"column":4},"end":{"line":68,"column":142}},"31":{"start":{"line":76,"column":22},"end":{"line":78,"column":27}},"32":{"start":{"line":76,"column":32},"end":{"line":78,"column":26}},"33":{"start":{"line":81,"column":25},"end":{"line":81,"column":41}},"34":{"start":{"line":81,"column":38},"end":{"line":81,"column":40}},"35":{"start":{"line":81,"column":42},"end":{"line":83,"column":67}}},"fnMap":{"0":{"name":"_interopRequireDefault","decl":{"start":{"line":12,"column":96},"end":{"line":12,"column":118}},"loc":{"start":{"line":12,"column":124},"end":{"line":12,"column":180}},"line":12},"1":{"name":"(anonymous_1)","decl":{"start":{"line":15,"column":2},"end":{"line":15,"column":3}},"loc":{"start":{"line":15,"column":21},"end":{"line":22,"column":3}},"line":15},"2":{"name":"(anonymous_2)","decl":{"start":{"line":23,"column":2},"end":{"line":23,"column":3}},"loc":{"start":{"line":23,"column":22},"end":{"line":33,"column":3}},"line":23},"3":{"name":"(anonymous_3)","decl":{"start":{"line":34,"column":2},"end":{"line":34,"column":3}},"loc":{"start":{"line":34,"column":23},"end":{"line":36,"column":3}},"line":34},"4":{"name":"(anonymous_4)","decl":{"start":{"line":38,"column":2},"end":{"line":38,"column":3}},"loc":{"start":{"line":38,"column":11},"end":{"line":73,"column":3}},"line":38},"5":{"name":"(anonymous_5)","decl":{"start":{"line":76,"column":22},"end":{"line":76,"column":23}},"loc":{"start":{"line":76,"column":32},"end":{"line":78,"column":26}},"line":76},"6":{"name":"(anonymous_6)","decl":{"start":{"line":81,"column":25},"end":{"line":81,"column":26}},"loc":{"start":{"line":81,"column":38},"end":{"line":81,"column":40}},"line":81}},"branchMap":{"0":{"loc":{"start":{"line":12,"column":132},"end":{"line":12,"column":178}},"type":"cond-expr","locations":[{"start":{"line":12,"column":156},"end":{"line":12,"column":159}},{"start":{"line":12,"column":162},"end":{"line":12,"column":178}}],"line":12},"1":{"loc":{"start":{"line":12,"column":132},"end":{"line":12,"column":153}},"type":"binary-expr","locations":[{"start":{"line":12,"column":132},"end":{"line":12,"column":135}},{"start":{"line":12,"column":139},"end":{"line":12,"column":153}}],"line":12},"2":{"loc":{"start":{"line":47,"column":12},"end":{"line":52,"column":145}},"type":"cond-expr","locations":[{"start":{"line":48,"column":12},"end":{"line":49,"column":44}},{"start":{"line":52,"column":12},"end":{"line":52,"column":145}}],"line":47}},"s":{"0":0,"1":0,"2":0,"3":0,"4":0,"5":0,"6":0,"7":0,"8":0,"9":0,"10":0,"11":0,"12":0,"13":0,"14":0,"15":0,"16":0,"17":0,"18":0,"19":0,"20":0,"21":0,"22":0,"23":0,"24":0,"25":0,"26":0,"27":0,"28":0,"29":0,"30":0,"31":0,"32":0,"33":0,"34":0,"35":0},"f":{"0":0,"1":0,"2":0,"3":0,"4":0,"5":0,"6":0},"b":{"0":[0,0],"1":[0,0],"2":[0,0]}}
,"/Users/Gavin/codefellows/postGrad/reactDataVisualization/src/index.js": {"path":"/Users/Gavin/codefellows/postGrad/reactDataVisualization/src/index.js","statementMap":{"0":{"start":{"line":1,"column":32},"end":{"line":1,"column":103}},"1":{"start":{"line":1,"column":117},"end":{"line":1,"column":133}},"2":{"start":{"line":1,"column":148},"end":{"line":1,"column":178}},"3":{"start":{"line":2,"column":16},"end":{"line":2,"column":36}},"4":{"start":{"line":2,"column":54},"end":{"line":2,"column":87}},"5":{"start":{"line":3,"column":0},"end":{"line":3,"column":23}},"6":{"start":{"line":4,"column":11},"end":{"line":4,"column":27}},"7":{"start":{"line":4,"column":40},"end":{"line":4,"column":68}},"8":{"start":{"line":5,"column":29},"end":{"line":5,"column":63}},"9":{"start":{"line":5,"column":94},"end":{"line":5,"column":140}},"10":{"start":{"line":6,"column":18},"end":{"line":6,"column":40}},"11":{"start":{"line":7,"column":22},"end":{"line":7,"column":55}},"12":{"start":{"line":7,"column":79},"end":{"line":7,"column":118}},"13":{"start":{"line":7,"column":157},"end":{"line":7,"column":211}},"14":{"start":{"line":9,"column":12},"end":{"line":9,"column":43}},"15":{"start":{"line":13,"column":4},"end":{"line":15,"column":127}},"16":{"start":{"line":21,"column":0},"end":{"line":21,"column":181}},"17":{"start":{"line":22,"column":0},"end":{"line":22,"column":39}}},"fnMap":{"0":{"name":"_interopRequireDefault","decl":{"start":{"line":7,"column":128},"end":{"line":7,"column":150}},"loc":{"start":{"line":7,"column":156},"end":{"line":7,"column":212}},"line":7},"1":{"name":"(anonymous_1)","decl":{"start":{"line":12,"column":2},"end":{"line":12,"column":3}},"loc":{"start":{"line":12,"column":11},"end":{"line":18,"column":3}},"line":12}},"branchMap":{"0":{"loc":{"start":{"line":7,"column":164},"end":{"line":7,"column":210}},"type":"cond-expr","locations":[{"start":{"line":7,"column":188},"end":{"line":7,"column":191}},{"start":{"line":7,"column":194},"end":{"line":7,"column":210}}],"line":7},"1":{"loc":{"start":{"line":7,"column":164},"end":{"line":7,"column":185}},"type":"binary-expr","locations":[{"start":{"line":7,"column":164},"end":{"line":7,"column":167}},{"start":{"line":7,"column":171},"end":{"line":7,"column":185}}],"line":7}},"s":{"0":0,"1":0,"2":0,"3":0,"4":0,"5":0,"6":0,"7":0,"8":0,"9":0,"10":0,"11":0,"12":0,"13":0,"14":0,"15":0,"16":0,"17":0},"f":{"0":0,"1":0},"b":{"0":[0,0],"1":[0,0]}}
,"/Users/Gavin/codefellows/postGrad/reactDataVisualization/src/registerServiceWorker.js": {"path":"/Users/Gavin/codefellows/postGrad/reactDataVisualization/src/registerServiceWorker.js","statementMap":{"0":{"start":{"line":1,"column":13},"end":{"line":1,"column":75}},"1":{"start":{"line":1,"column":75},"end":{"line":21,"column":9}},"2":{"start":{"line":21,"column":9},"end":{"line":111,"column":24}},"3":{"start":{"line":118,"column":20},"end":{"line":120,"column":89}},"4":{"start":{"line":120,"column":111},"end":{"line":128,"column":36}},"5":{"start":{"line":121,"column":22},"end":{"line":121,"column":70}},"6":{"start":{"line":121,"column":71},"end":{"line":124,"column":14}},"7":{"start":{"line":124,"column":6},"end":{"line":124,"column":13}},"8":{"start":{"line":124,"column":14},"end":{"line":128,"column":35}},"9":{"start":{"line":124,"column":67},"end":{"line":124,"column":112}},"10":{"start":{"line":124,"column":113},"end":{"line":128,"column":32}},"11":{"start":{"line":125,"column":8},"end":{"line":125,"column":39}},"12":{"start":{"line":127,"column":8},"end":{"line":127,"column":178}},"13":{"start":{"line":127,"column":50},"end":{"line":127,"column":175}},"14":{"start":{"line":128,"column":8},"end":{"line":128,"column":31}},"15":{"start":{"line":128,"column":70},"end":{"line":135,"column":156}},"16":{"start":{"line":128,"column":132},"end":{"line":135,"column":68}},"17":{"start":{"line":128,"column":193},"end":{"line":128,"column":216}},"18":{"start":{"line":128,"column":217},"end":{"line":135,"column":66}},"19":{"start":{"line":128,"column":257},"end":{"line":135,"column":64}},"20":{"start":{"line":128,"column":302},"end":{"line":135,"column":63}},"21":{"start":{"line":132,"column":12},"end":{"line":132,"column":69}},"22":{"start":{"line":135,"column":12},"end":{"line":135,"column":62}},"23":{"start":{"line":135,"column":87},"end":{"line":135,"column":153}},"24":{"start":{"line":136,"column":2},"end":{"line":139,"column":126}},"25":{"start":{"line":137,"column":4},"end":{"line":139,"column":30}},"26":{"start":{"line":138,"column":6},"end":{"line":138,"column":127}},"27":{"start":{"line":138,"column":58},"end":{"line":138,"column":124}},"28":{"start":{"line":138,"column":96},"end":{"line":138,"column":121}},"29":{"start":{"line":139,"column":6},"end":{"line":139,"column":29}},"30":{"start":{"line":139,"column":46},"end":{"line":139,"column":123}},"31":{"start":{"line":139,"column":150},"end":{"line":139,"column":267}},"32":{"start":{"line":139,"column":185},"end":{"line":139,"column":266}},"33":{"start":{"line":139,"column":237},"end":{"line":139,"column":263}}},"fnMap":{"0":{"name":"register","decl":{"start":{"line":120,"column":99},"end":{"line":120,"column":107}},"loc":{"start":{"line":120,"column":110},"end":{"line":128,"column":37}},"line":120},"1":{"name":"(anonymous_1)","decl":{"start":{"line":124,"column":46},"end":{"line":124,"column":47}},"loc":{"start":{"line":124,"column":52},"end":{"line":128,"column":33}},"line":124},"2":{"name":"(anonymous_2)","decl":{"start":{"line":127,"column":43},"end":{"line":127,"column":44}},"loc":{"start":{"line":127,"column":49},"end":{"line":127,"column":176}},"line":127},"3":{"name":"registerValidSW","decl":{"start":{"line":128,"column":46},"end":{"line":128,"column":61}},"loc":{"start":{"line":128,"column":69},"end":{"line":135,"column":157}},"line":128},"4":{"name":"(anonymous_4)","decl":{"start":{"line":128,"column":115},"end":{"line":128,"column":116}},"loc":{"start":{"line":128,"column":131},"end":{"line":135,"column":69}},"line":128},"5":{"name":"(anonymous_5)","decl":{"start":{"line":128,"column":161},"end":{"line":128,"column":162}},"loc":{"start":{"line":128,"column":167},"end":{"line":135,"column":67}},"line":128},"6":{"name":"(anonymous_6)","decl":{"start":{"line":128,"column":250},"end":{"line":128,"column":251}},"loc":{"start":{"line":128,"column":256},"end":{"line":135,"column":65}},"line":128},"7":{"name":"(anonymous_7)","decl":{"start":{"line":135,"column":77},"end":{"line":135,"column":78}},"loc":{"start":{"line":135,"column":86},"end":{"line":135,"column":154}},"line":135},"8":{"name":"checkValidServiceWorker","decl":{"start":{"line":135,"column":166},"end":{"line":135,"column":189}},"loc":{"start":{"line":135,"column":197},"end":{"line":139,"column":127}},"line":135},"9":{"name":"(anonymous_9)","decl":{"start":{"line":136,"column":20},"end":{"line":136,"column":21}},"loc":{"start":{"line":136,"column":32},"end":{"line":139,"column":31}},"line":136},"10":{"name":"(anonymous_10)","decl":{"start":{"line":138,"column":41},"end":{"line":138,"column":42}},"loc":{"start":{"line":138,"column":57},"end":{"line":138,"column":125}},"line":138},"11":{"name":"(anonymous_11)","decl":{"start":{"line":138,"column":89},"end":{"line":138,"column":90}},"loc":{"start":{"line":138,"column":95},"end":{"line":138,"column":122}},"line":138},"12":{"name":"(anonymous_12)","decl":{"start":{"line":139,"column":39},"end":{"line":139,"column":40}},"loc":{"start":{"line":139,"column":45},"end":{"line":139,"column":124}},"line":139},"13":{"name":"unregister","decl":{"start":{"line":139,"column":136},"end":{"line":139,"column":146}},"loc":{"start":{"line":139,"column":149},"end":{"line":139,"column":268}},"line":139},"14":{"name":"(anonymous_14)","decl":{"start":{"line":139,"column":220},"end":{"line":139,"column":221}},"loc":{"start":{"line":139,"column":236},"end":{"line":139,"column":264}},"line":139}},"branchMap":{"0":{"loc":{"start":{"line":118,"column":28},"end":{"line":120,"column":88}},"type":"binary-expr","locations":[{"start":{"line":118,"column":28},"end":{"line":118,"column":68}},{"start":{"line":119,"column":0},"end":{"line":119,"column":36}},{"start":{"line":120,"column":0},"end":{"line":120,"column":88}}],"line":118},"1":{"loc":{"start":{"line":120,"column":111},"end":{"line":128,"column":36}},"type":"if","locations":[{"start":{"line":120,"column":111},"end":{"line":128,"column":36}},{"start":{"line":120,"column":111},"end":{"line":128,"column":36}}],"line":120},"2":{"loc":{"start":{"line":120,"column":115},"end":{"line":120,"column":184}},"type":"binary-expr","locations":[{"start":{"line":120,"column":115},"end":{"line":120,"column":152}},{"start":{"line":120,"column":156},"end":{"line":120,"column":184}}],"line":120},"3":{"loc":{"start":{"line":121,"column":71},"end":{"line":124,"column":14}},"type":"if","locations":[{"start":{"line":121,"column":71},"end":{"line":124,"column":14}},{"start":{"line":121,"column":71},"end":{"line":124,"column":14}}],"line":121},"4":{"loc":{"start":{"line":124,"column":113},"end":{"line":128,"column":32}},"type":"if","locations":[{"start":{"line":124,"column":113},"end":{"line":128,"column":32}},{"start":{"line":124,"column":113},"end":{"line":128,"column":32}}],"line":124},"5":{"loc":{"start":{"line":128,"column":257},"end":{"line":135,"column":64}},"type":"if","locations":[{"start":{"line":128,"column":257},"end":{"line":135,"column":64}},{"start":{"line":128,"column":257},"end":{"line":135,"column":64}}],"line":128},"6":{"loc":{"start":{"line":128,"column":302},"end":{"line":135,"column":63}},"type":"if","locations":[{"start":{"line":128,"column":302},"end":{"line":135,"column":63}},{"start":{"line":128,"column":302},"end":{"line":135,"column":63}}],"line":128},"7":{"loc":{"start":{"line":137,"column":4},"end":{"line":139,"column":30}},"type":"if","locations":[{"start":{"line":137,"column":4},"end":{"line":139,"column":30}},{"start":{"line":137,"column":4},"end":{"line":139,"column":30}}],"line":137},"8":{"loc":{"start":{"line":137,"column":8},"end":{"line":137,"column":100}},"type":"binary-expr","locations":[{"start":{"line":137,"column":8},"end":{"line":137,"column":31}},{"start":{"line":137,"column":35},"end":{"line":137,"column":100}}],"line":137},"9":{"loc":{"start":{"line":139,"column":150},"end":{"line":139,"column":267}},"type":"if","locations":[{"start":{"line":139,"column":150},"end":{"line":139,"column":267}},{"start":{"line":139,"column":150},"end":{"line":139,"column":267}}],"line":139}},"s":{"0":0,"1":0,"2":0,"3":0,"4":0,"5":0,"6":0,"7":0,"8":0,"9":0,"10":0,"11":0,"12":0,"13":0,"14":0,"15":0,"16":0,"17":0,"18":0,"19":0,"20":0,"21":0,"22":0,"23":0,"24":0,"25":0,"26":0,"27":0,"28":0,"29":0,"30":0,"31":0,"32":0,"33":0},"f":{"0":0,"1":0,"2":0,"3":0,"4":0,"5":0,"6":0,"7":0,"8":0,"9":0,"10":0,"11":0,"12":0,"13":0,"14":0},"b":{"0":[0,0,0],"1":[0,0],"2":[0,0],"3":[0,0],"4":[0,0],"5":[0,0],"6":[0,0],"7":[0,0],"8":[0,0],"9":[0,0]}}
,"/Users/Gavin/codefellows/postGrad/reactDataVisualization/src/setupTests.js": {"path":"/Users/Gavin/codefellows/postGrad/reactDataVisualization/src/setupTests.js","statementMap":{"0":{"start":{"line":4,"column":0},"end":{"line":4,"column":38}}},"fnMap":{},"branchMap":{},"s":{"0":1},"f":{},"b":{},"_coverageSchema":"332fd63041d2c1bcb487cc26dd0d5f7d97098a6c","hash":"cae02def349afdee8d9e15f1ef6808a307c77e72"}
,"/Users/Gavin/codefellows/postGrad/reactDataVisualization/src/Actions/location-actions.js": {"path":"/Users/Gavin/codefellows/postGrad/reactDataVisualization/src/Actions/location-actions.js","statementMap":{"0":{"start":{"line":1,"column":13},"end":{"line":1,"column":75}},"1":{"start":{"line":1,"column":75},"end":{"line":1,"column":182}},"2":{"start":{"line":1,"column":195},"end":{"line":1,"column":211}},"3":{"start":{"line":1,"column":226},"end":{"line":1,"column":256}},"4":{"start":{"line":2,"column":22},"end":{"line":2,"column":50}},"5":{"start":{"line":2,"column":89},"end":{"line":2,"column":143}},"6":{"start":{"line":4,"column":20},"end":{"line":6,"column":22}},"7":{"start":{"line":4,"column":55},"end":{"line":6,"column":21}},"8":{"start":{"line":9,"column":23},"end":{"line":11,"column":22}},"9":{"start":{"line":9,"column":61},"end":{"line":11,"column":21}},"10":{"start":{"line":14,"column":23},"end":{"line":16,"column":22}},"11":{"start":{"line":14,"column":61},"end":{"line":16,"column":21}},"12":{"start":{"line":19,"column":23},"end":{"line":39,"column":1}},"13":{"start":{"line":19,"column":55},"end":{"line":39,"column":1}},"14":{"start":{"line":20,"column":2},"end":{"line":38,"column":5}},"15":{"start":{"line":30,"column":4},"end":{"line":30,"column":67}},"16":{"start":{"line":31,"column":4},"end":{"line":31,"column":41}},"17":{"start":{"line":34,"column":4},"end":{"line":34,"column":49}},"18":{"start":{"line":37,"column":4},"end":{"line":37,"column":63}}},"fnMap":{"0":{"name":"_interopRequireDefault","decl":{"start":{"line":2,"column":60},"end":{"line":2,"column":82}},"loc":{"start":{"line":2,"column":88},"end":{"line":2,"column":144}},"line":2},"1":{"name":"(anonymous_1)","decl":{"start":{"line":4,"column":42},"end":{"line":4,"column":43}},"loc":{"start":{"line":4,"column":55},"end":{"line":6,"column":21}},"line":4},"2":{"name":"(anonymous_2)","decl":{"start":{"line":9,"column":48},"end":{"line":9,"column":49}},"loc":{"start":{"line":9,"column":61},"end":{"line":11,"column":21}},"line":9},"3":{"name":"(anonymous_3)","decl":{"start":{"line":14,"column":48},"end":{"line":14,"column":49}},"loc":{"start":{"line":14,"column":61},"end":{"line":16,"column":21}},"line":14},"4":{"name":"(anonymous_4)","decl":{"start":{"line":19,"column":48},"end":{"line":19,"column":49}},"loc":{"start":{"line":19,"column":55},"end":{"line":39,"column":1}},"line":19},"5":{"name":"(anonymous_5)","decl":{"start":{"line":19,"column":55},"end":{"line":19,"column":56}},"loc":{"start":{"line":19,"column":67},"end":{"line":39,"column":1}},"line":19},"6":{"name":"(anonymous_6)","decl":{"start":{"line":29,"column":7},"end":{"line":29,"column":8}},"loc":{"start":{"line":29,"column":19},"end":{"line":32,"column":3}},"line":29},"7":{"name":"(anonymous_7)","decl":{"start":{"line":33,"column":7},"end":{"line":33,"column":8}},"loc":{"start":{"line":33,"column":13},"end":{"line":35,"column":3}},"line":33},"8":{"name":"(anonymous_8)","decl":{"start":{"line":36,"column":8},"end":{"line":36,"column":9}},"loc":{"start":{"line":36,"column":15},"end":{"line":38,"column":3}},"line":36}},"branchMap":{"0":{"loc":{"start":{"line":2,"column":96},"end":{"line":2,"column":142}},"type":"cond-expr","locations":[{"start":{"line":2,"column":120},"end":{"line":2,"column":123}},{"start":{"line":2,"column":126},"end":{"line":2,"column":142}}],"line":2},"1":{"loc":{"start":{"line":2,"column":96},"end":{"line":2,"column":117}},"type":"binary-expr","locations":[{"start":{"line":2,"column":96},"end":{"line":2,"column":99}},{"start":{"line":2,"column":103},"end":{"line":2,"column":117}}],"line":2}},"s":{"0":0,"1":0,"2":0,"3":0,"4":0,"5":0,"6":0,"7":0,"8":0,"9":0,"10":0,"11":0,"12":0,"13":0,"14":0,"15":0,"16":0,"17":0,"18":0},"f":{"0":0,"1":0,"2":0,"3":0,"4":0,"5":0,"6":0,"7":0,"8":0},"b":{"0":[0,0],"1":[0,0]}}
,"/Users/Gavin/codefellows/postGrad/reactDataVisualization/src/Actions/weather-actions.js": {"path":"/Users/Gavin/codefellows/postGrad/reactDataVisualization/src/Actions/weather-actions.js","statementMap":{"0":{"start":{"line":1,"column":13},"end":{"line":1,"column":75}},"1":{"start":{"line":1,"column":75},"end":{"line":1,"column":176}},"2":{"start":{"line":1,"column":189},"end":{"line":1,"column":205}},"3":{"start":{"line":1,"column":220},"end":{"line":1,"column":250}},"4":{"start":{"line":1,"column":289},"end":{"line":1,"column":343}},"5":{"start":{"line":3,"column":19},"end":{"line":5,"column":21}},"6":{"start":{"line":3,"column":52},"end":{"line":5,"column":20}},"7":{"start":{"line":8,"column":22},"end":{"line":10,"column":21}},"8":{"start":{"line":8,"column":58},"end":{"line":10,"column":20}},"9":{"start":{"line":13,"column":22},"end":{"line":15,"column":21}},"10":{"start":{"line":13,"column":58},"end":{"line":15,"column":20}},"11":{"start":{"line":18,"column":20},"end":{"line":47,"column":1}},"12":{"start":{"line":18,"column":48},"end":{"line":47,"column":1}},"13":{"start":{"line":19,"column":2},"end":{"line":19,"column":12}},"14":{"start":{"line":19,"column":28},"end":{"line":19,"column":46}},"15":{"start":{"line":20,"column":2},"end":{"line":23,"column":24}},"16":{"start":{"line":25,"column":2},"end":{"line":46,"column":5}},"17":{"start":{"line":36,"column":4},"end":{"line":40,"column":41}},"18":{"start":{"line":42,"column":4},"end":{"line":42,"column":40}},"19":{"start":{"line":45,"column":4},"end":{"line":45,"column":23}}},"fnMap":{"0":{"name":"_interopRequireDefault","decl":{"start":{"line":1,"column":260},"end":{"line":1,"column":282}},"loc":{"start":{"line":1,"column":288},"end":{"line":1,"column":344}},"line":1},"1":{"name":"(anonymous_1)","decl":{"start":{"line":3,"column":40},"end":{"line":3,"column":41}},"loc":{"start":{"line":3,"column":52},"end":{"line":5,"column":20}},"line":3},"2":{"name":"(anonymous_2)","decl":{"start":{"line":8,"column":46},"end":{"line":8,"column":47}},"loc":{"start":{"line":8,"column":58},"end":{"line":10,"column":20}},"line":8},"3":{"name":"(anonymous_3)","decl":{"start":{"line":13,"column":46},"end":{"line":13,"column":47}},"loc":{"start":{"line":13,"column":58},"end":{"line":15,"column":20}},"line":13},"4":{"name":"(anonymous_4)","decl":{"start":{"line":18,"column":42},"end":{"line":18,"column":43}},"loc":{"start":{"line":18,"column":48},"end":{"line":47,"column":1}},"line":18},"5":{"name":"(anonymous_5)","decl":{"start":{"line":18,"column":48},"end":{"line":18,"column":49}},"loc":{"start":{"line":18,"column":72},"end":{"line":47,"column":1}},"line":18},"6":{"name":"(anonymous_6)","decl":{"start":{"line":35,"column":7},"end":{"line":35,"column":8}},"loc":{"start":{"line":35,"column":19},"end":{"line":43,"column":3}},"line":35},"7":{"name":"(anonymous_7)","decl":{"start":{"line":44,"column":8},"end":{"line":44,"column":9}},"loc":{"start":{"line":44,"column":25},"end":{"line":46,"column":3}},"line":44}},"branchMap":{"0":{"loc":{"start":{"line":1,"column":296},"end":{"line":1,"column":342}},"type":"cond-expr","locations":[{"start":{"line":1,"column":320},"end":{"line":1,"column":323}},{"start":{"line":1,"column":326},"end":{"line":1,"column":342}}],"line":1},"1":{"loc":{"start":{"line":1,"column":296},"end":{"line":1,"column":317}},"type":"binary-expr","locations":[{"start":{"line":1,"column":296},"end":{"line":1,"column":299}},{"start":{"line":1,"column":303},"end":{"line":1,"column":317}}],"line":1}},"s":{"0":0,"1":0,"2":0,"3":0,"4":0,"5":0,"6":0,"7":0,"8":0,"9":0,"10":0,"11":0,"12":0,"13":0,"14":0,"15":0,"16":0,"17":0,"18":0,"19":0},"f":{"0":0,"1":0,"2":0,"3":0,"4":0,"5":0,"6":0,"7":0},"b":{"0":[0,0],"1":[0,0]}}
,"/Users/Gavin/codefellows/postGrad/reactDataVisualization/src/components/DayInTheLife.js": {"path":"/Users/Gavin/codefellows/postGrad/reactDataVisualization/src/components/DayInTheLife.js","statementMap":{"0":{"start":{"line":1,"column":13},"end":{"line":1,"column":75}},"1":{"start":{"line":1,"column":94},"end":{"line":1,"column":183}},"2":{"start":{"line":1,"column":197},"end":{"line":1,"column":213}},"3":{"start":{"line":1,"column":228},"end":{"line":1,"column":258}},"4":{"start":{"line":2,"column":13},"end":{"line":2,"column":29}},"5":{"start":{"line":2,"column":44},"end":{"line":2,"column":74}},"6":{"start":{"line":3,"column":15},"end":{"line":3,"column":33}},"7":{"start":{"line":12,"column":14},"end":{"line":12,"column":43}},"8":{"start":{"line":12,"column":59},"end":{"line":12,"column":90}},"9":{"start":{"line":13,"column":18},"end":{"line":13,"column":40}},"10":{"start":{"line":14,"column":22},"end":{"line":14,"column":59}},"11":{"start":{"line":14,"column":98},"end":{"line":14,"column":152}},"12":{"start":{"line":15,"column":19},"end":{"line":23,"column":13}},"13":{"start":{"line":26,"column":15},"end":{"line":26,"column":56}},"14":{"start":{"line":28,"column":12},"end":{"line":28,"column":54}},"15":{"start":{"line":30,"column":20},"end":{"line":30,"column":22}},"16":{"start":{"line":34,"column":13},"end":{"line":34,"column":30}},"17":{"start":{"line":35,"column":24},"end":{"line":38,"column":25}},"18":{"start":{"line":40,"column":4},"end":{"line":46,"column":102}},"19":{"start":{"line":55,"column":4},"end":{"line":55,"column":14}},"20":{"start":{"line":55,"column":29},"end":{"line":55,"column":41}},"21":{"start":{"line":55,"column":51},"end":{"line":55,"column":64}},"22":{"start":{"line":55,"column":73},"end":{"line":55,"column":85}},"23":{"start":{"line":56,"column":17},"end":{"line":56,"column":49}},"24":{"start":{"line":57,"column":22},"end":{"line":57,"column":69}},"25":{"start":{"line":58,"column":18},"end":{"line":60,"column":33}},"26":{"start":{"line":63,"column":4},"end":{"line":65,"column":9}},"27":{"start":{"line":71,"column":4},"end":{"line":71,"column":17}},"28":{"start":{"line":71,"column":17},"end":{"line":163,"column":6}},"29":{"start":{"line":162,"column":6},"end":{"line":162,"column":31}},"30":{"start":{"line":163,"column":6},"end":{"line":165,"column":42}},"31":{"start":{"line":165,"column":42},"end":{"line":165,"column":132}},"32":{"start":{"line":165,"column":154},"end":{"line":165,"column":225}},"33":{"start":{"line":165,"column":226},"end":{"line":165,"column":714}},"34":{"start":{"line":168,"column":25},"end":{"line":168,"column":93}},"35":{"start":{"line":168,"column":132},"end":{"line":168,"column":177}},"36":{"start":{"line":168,"column":177},"end":{"line":168,"column":532}},"37":{"start":{"line":168,"column":182},"end":{"line":168,"column":466}},"38":{"start":{"line":168,"column":405},"end":{"line":168,"column":463}},"39":{"start":{"line":168,"column":483},"end":{"line":168,"column":531}},"40":{"start":{"line":168,"column":543},"end":{"line":242,"column":118}},"41":{"start":{"line":182,"column":18},"end":{"line":184,"column":74}},"42":{"start":{"line":183,"column":55},"end":{"line":183,"column":71}},"43":{"start":{"line":184,"column":53},"end":{"line":184,"column":69}},"44":{"start":{"line":188,"column":18},"end":{"line":190,"column":75}},"45":{"start":{"line":189,"column":55},"end":{"line":189,"column":72}},"46":{"start":{"line":190,"column":53},"end":{"line":190,"column":70}},"47":{"start":{"line":201,"column":30},"end":{"line":201,"column":32}},"48":{"start":{"line":205,"column":57},"end":{"line":205,"column":59}},"49":{"start":{"line":212,"column":29},"end":{"line":212,"column":63}},"50":{"start":{"line":219,"column":28},"end":{"line":219,"column":30}},"51":{"start":{"line":251,"column":22},"end":{"line":253,"column":27}},"52":{"start":{"line":251,"column":32},"end":{"line":253,"column":26}},"53":{"start":{"line":256,"column":25},"end":{"line":257,"column":68}},"54":{"start":{"line":256,"column":38},"end":{"line":257,"column":67}},"55":{"start":{"line":257,"column":21},"end":{"line":257,"column":65}},"56":{"start":{"line":257,"column":69},"end":{"line":260,"column":76}}},"fnMap":{"0":{"name":"_interopRequireDefault","decl":{"start":{"line":14,"column":69},"end":{"line":14,"column":91}},"loc":{"start":{"line":14,"column":97},"end":{"line":14,"column":153}},"line":14},"1":{"name":"(anonymous_1)","decl":{"start":{"line":33,"column":2},"end":{"line":33,"column":3}},"loc":{"start":{"line":33,"column":11},"end":{"line":50,"column":3}},"line":33},"2":{"name":"(anonymous_2)","decl":{"start":{"line":54,"column":2},"end":{"line":54,"column":3}},"loc":{"start":{"line":54,"column":11},"end":{"line":66,"column":3}},"line":54},"3":{"name":"(anonymous_3)","decl":{"start":{"line":70,"column":2},"end":{"line":70,"column":3}},"loc":{"start":{"line":70,"column":21},"end":{"line":165,"column":133}},"line":70},"4":{"name":"(anonymous_4)","decl":{"start":{"line":161,"column":20},"end":{"line":161,"column":21}},"loc":{"start":{"line":161,"column":26},"end":{"line":163,"column":5}},"line":161},"5":{"name":"(anonymous_5)","decl":{"start":{"line":165,"column":33},"end":{"line":165,"column":34}},"loc":{"start":{"line":165,"column":39},"end":{"line":165,"column":41}},"line":165},"6":{"name":"(anonymous_6)","decl":{"start":{"line":165,"column":133},"end":{"line":165,"column":134}},"loc":{"start":{"line":165,"column":153},"end":{"line":168,"column":3}},"line":165},"7":{"name":"(anonymous_7)","decl":{"start":{"line":168,"column":3},"end":{"line":168,"column":4}},"loc":{"start":{"line":168,"column":24},"end":{"line":168,"column":94}},"line":168},"8":{"name":"(anonymous_8)","decl":{"start":{"line":168,"column":94},"end":{"line":168,"column":95}},"loc":{"start":{"line":168,"column":131},"end":{"line":168,"column":533}},"line":168},"9":{"name":"(anonymous_9)","decl":{"start":{"line":168,"column":398},"end":{"line":168,"column":399}},"loc":{"start":{"line":168,"column":404},"end":{"line":168,"column":464}},"line":168},"10":{"name":"(anonymous_10)","decl":{"start":{"line":168,"column":533},"end":{"line":168,"column":534}},"loc":{"start":{"line":168,"column":542},"end":{"line":248,"column":3}},"line":168},"11":{"name":"(anonymous_11)","decl":{"start":{"line":181,"column":29},"end":{"line":181,"column":30}},"loc":{"start":{"line":181,"column":35},"end":{"line":186,"column":17}},"line":181},"12":{"name":"(anonymous_12)","decl":{"start":{"line":183,"column":48},"end":{"line":183,"column":49}},"loc":{"start":{"line":183,"column":55},"end":{"line":183,"column":71}},"line":183},"13":{"name":"(anonymous_13)","decl":{"start":{"line":184,"column":46},"end":{"line":184,"column":47}},"loc":{"start":{"line":184,"column":53},"end":{"line":184,"column":69}},"line":184},"14":{"name":"(anonymous_14)","decl":{"start":{"line":187,"column":28},"end":{"line":187,"column":29}},"loc":{"start":{"line":187,"column":34},"end":{"line":192,"column":17}},"line":187},"15":{"name":"(anonymous_15)","decl":{"start":{"line":189,"column":48},"end":{"line":189,"column":49}},"loc":{"start":{"line":189,"column":55},"end":{"line":189,"column":72}},"line":189},"16":{"name":"(anonymous_16)","decl":{"start":{"line":190,"column":46},"end":{"line":190,"column":47}},"loc":{"start":{"line":190,"column":53},"end":{"line":190,"column":70}},"line":190},"17":{"name":"(anonymous_17)","decl":{"start":{"line":201,"column":24},"end":{"line":201,"column":25}},"loc":{"start":{"line":201,"column":30},"end":{"line":201,"column":32}},"line":201},"18":{"name":"(anonymous_18)","decl":{"start":{"line":205,"column":52},"end":{"line":205,"column":53}},"loc":{"start":{"line":205,"column":57},"end":{"line":205,"column":59}},"line":205},"19":{"name":"(anonymous_19)","decl":{"start":{"line":212,"column":24},"end":{"line":212,"column":25}},"loc":{"start":{"line":212,"column":29},"end":{"line":212,"column":63}},"line":212},"20":{"name":"(anonymous_20)","decl":{"start":{"line":219,"column":22},"end":{"line":219,"column":23}},"loc":{"start":{"line":219,"column":28},"end":{"line":219,"column":30}},"line":219},"21":{"name":"(anonymous_21)","decl":{"start":{"line":251,"column":22},"end":{"line":251,"column":23}},"loc":{"start":{"line":251,"column":32},"end":{"line":253,"column":26}},"line":251},"22":{"name":"(anonymous_22)","decl":{"start":{"line":256,"column":25},"end":{"line":256,"column":26}},"loc":{"start":{"line":256,"column":38},"end":{"line":257,"column":67}},"line":256},"23":{"name":"(anonymous_23)","decl":{"start":{"line":257,"column":15},"end":{"line":257,"column":16}},"loc":{"start":{"line":257,"column":21},"end":{"line":257,"column":65}},"line":257}},"branchMap":{"0":{"loc":{"start":{"line":14,"column":105},"end":{"line":14,"column":151}},"type":"cond-expr","locations":[{"start":{"line":14,"column":129},"end":{"line":14,"column":132}},{"start":{"line":14,"column":135},"end":{"line":14,"column":151}}],"line":14},"1":{"loc":{"start":{"line":14,"column":105},"end":{"line":14,"column":126}},"type":"binary-expr","locations":[{"start":{"line":14,"column":105},"end":{"line":14,"column":108}},{"start":{"line":14,"column":112},"end":{"line":14,"column":126}}],"line":14},"2":{"loc":{"start":{"line":63,"column":11},"end":{"line":65,"column":8}},"type":"cond-expr","locations":[{"start":{"line":64,"column":4},"end":{"line":64,"column":192}},{"start":{"line":65,"column":4},"end":{"line":65,"column":8}}],"line":63},"3":{"loc":{"start":{"line":165,"column":226},"end":{"line":165,"column":713}},"type":"cond-expr","locations":[{"start":{"line":165,"column":260},"end":{"line":165,"column":701}},{"start":{"line":165,"column":704},"end":{"line":165,"column":713}}],"line":165},"4":{"loc":{"start":{"line":212,"column":29},"end":{"line":212,"column":63}},"type":"cond-expr","locations":[{"start":{"line":212,"column":33},"end":{"line":212,"column":49}},{"start":{"line":212,"column":52},"end":{"line":212,"column":63}}],"line":212}},"s":{"0":0,"1":0,"2":0,"3":0,"4":0,"5":0,"6":0,"7":0,"8":0,"9":0,"10":0,"11":0,"12":0,"13":0,"14":0,"15":0,"16":0,"17":0,"18":0,"19":0,"20":0,"21":0,"22":0,"23":0,"24":0,"25":0,"26":0,"27":0,"28":0,"29":0,"30":0,"31":0,"32":0,"33":0,"34":0,"35":0,"36":0,"37":0,"38":0,"39":0,"40":0,"41":0,"42":0,"43":0,"44":0,"45":0,"46":0,"47":0,"48":0,"49":0,"50":0,"51":0,"52":0,"53":0,"54":0,"55":0,"56":0},"f":{"0":0,"1":0,"2":0,"3":0,"4":0,"5":0,"6":0,"7":0,"8":0,"9":0,"10":0,"11":0,"12":0,"13":0,"14":0,"15":0,"16":0,"17":0,"18":0,"19":0,"20":0,"21":0,"22":0,"23":0},"b":{"0":[0,0],"1":[0,0],"2":[0,0],"3":[0,0],"4":[0,0]}}
,"/Users/Gavin/codefellows/postGrad/reactDataVisualization/src/components/Hello.js": {"path":"/Users/Gavin/codefellows/postGrad/reactDataVisualization/src/components/Hello.js","statementMap":{"0":{"start":{"line":18,"column":14},"end":{"line":20,"column":1}},"1":{"start":{"line":19,"column":2},"end":{"line":19,"column":37}},"2":{"start":{"line":22,"column":0},"end":{"line":24,"column":2}},"3":{"start":{"line":26,"column":0},"end":{"line":28,"column":2}}},"fnMap":{"0":{"name":"(anonymous_0)","decl":{"start":{"line":18,"column":14},"end":{"line":18,"column":15}},"loc":{"start":{"line":18,"column":23},"end":{"line":20,"column":1}},"line":18}},"branchMap":{},"s":{"0":1,"1":2,"2":1,"3":1},"f":{"0":2},"b":{},"_coverageSchema":"332fd63041d2c1bcb487cc26dd0d5f7d97098a6c","hash":"c7228b8f12176e4f6049a0c5fbc3c72a8bc49a98"}
,"/Users/Gavin/codefellows/postGrad/reactDataVisualization/src/components/InfoDisplay.js": {"path":"/Users/Gavin/codefellows/postGrad/reactDataVisualization/src/components/InfoDisplay.js","statementMap":{"0":{"start":{"line":1,"column":13},"end":{"line":1,"column":75}},"1":{"start":{"line":1,"column":94},"end":{"line":1,"column":182}},"2":{"start":{"line":1,"column":196},"end":{"line":1,"column":212}},"3":{"start":{"line":1,"column":227},"end":{"line":1,"column":257}},"4":{"start":{"line":2,"column":17},"end":{"line":2,"column":38}},"5":{"start":{"line":2,"column":57},"end":{"line":2,"column":91}},"6":{"start":{"line":3,"column":18},"end":{"line":3,"column":40}},"7":{"start":{"line":4,"column":14},"end":{"line":4,"column":43}},"8":{"start":{"line":5,"column":14},"end":{"line":5,"column":43}},"9":{"start":{"line":5,"column":59},"end":{"line":5,"column":90}},"10":{"start":{"line":6,"column":12},"end":{"line":6,"column":39}},"11":{"start":{"line":6,"column":53},"end":{"line":6,"column":82}},"12":{"start":{"line":7,"column":18},"end":{"line":7,"column":51}},"13":{"start":{"line":7,"column":71},"end":{"line":7,"column":106}},"14":{"start":{"line":8,"column":12},"end":{"line":8,"column":39}},"15":{"start":{"line":8,"column":53},"end":{"line":8,"column":82}},"16":{"start":{"line":9,"column":15},"end":{"line":9,"column":33}},"17":{"start":{"line":9,"column":72},"end":{"line":9,"column":126}},"18":{"start":{"line":17,"column":24},"end":{"line":26,"column":1}},"19":{"start":{"line":18,"column":20},"end":{"line":18,"column":63}},"20":{"start":{"line":19,"column":18},"end":{"line":19,"column":42}},"21":{"start":{"line":20,"column":2},"end":{"line":23,"column":37}},"22":{"start":{"line":29,"column":2},"end":{"line":31,"column":23}},"23":{"start":{"line":36,"column":0},"end":{"line":37,"column":50}},"24":{"start":{"line":40,"column":15},"end":{"line":44,"column":56}},"25":{"start":{"line":40,"column":25},"end":{"line":44,"column":55}},"26":{"start":{"line":48,"column":85},"end":{"line":55,"column":13}},"27":{"start":{"line":54,"column":6},"end":{"line":54,"column":31}},"28":{"start":{"line":58,"column":14},"end":{"line":58,"column":32}},"29":{"start":{"line":59,"column":12},"end":{"line":59,"column":28}},"30":{"start":{"line":61,"column":4},"end":{"line":117,"column":162}},"31":{"start":{"line":136,"column":22},"end":{"line":136,"column":85}},"32":{"start":{"line":136,"column":32},"end":{"line":136,"column":84}},"33":{"start":{"line":138,"column":25},"end":{"line":138,"column":41}},"34":{"start":{"line":138,"column":38},"end":{"line":138,"column":40}},"35":{"start":{"line":138,"column":42},"end":{"line":141,"column":46}}},"fnMap":{"0":{"name":"_interopRequireDefault","decl":{"start":{"line":9,"column":43},"end":{"line":9,"column":65}},"loc":{"start":{"line":9,"column":71},"end":{"line":9,"column":127}},"line":9},"1":{"name":"(anonymous_1)","decl":{"start":{"line":17,"column":24},"end":{"line":17,"column":25}},"loc":{"start":{"line":17,"column":30},"end":{"line":26,"column":1}},"line":17},"2":{"name":"TabContainer","decl":{"start":{"line":28,"column":9},"end":{"line":28,"column":21}},"loc":{"start":{"line":28,"column":29},"end":{"line":34,"column":1}},"line":28},"3":{"name":"(anonymous_3)","decl":{"start":{"line":40,"column":15},"end":{"line":40,"column":16}},"loc":{"start":{"line":40,"column":25},"end":{"line":44,"column":55}},"line":40},"4":{"name":"(anonymous_4)","decl":{"start":{"line":48,"column":53},"end":{"line":48,"column":54}},"loc":{"start":{"line":48,"column":74},"end":{"line":55,"column":14}},"line":48},"5":{"name":"(anonymous_5)","decl":{"start":{"line":53,"column":19},"end":{"line":53,"column":20}},"loc":{"start":{"line":53,"column":37},"end":{"line":55,"column":5}},"line":53},"6":{"name":"(anonymous_6)","decl":{"start":{"line":57,"column":2},"end":{"line":57,"column":3}},"loc":{"start":{"line":57,"column":11},"end":{"line":120,"column":3}},"line":57},"7":{"name":"(anonymous_7)","decl":{"start":{"line":136,"column":22},"end":{"line":136,"column":23}},"loc":{"start":{"line":136,"column":32},"end":{"line":136,"column":84}},"line":136},"8":{"name":"(anonymous_8)","decl":{"start":{"line":138,"column":25},"end":{"line":138,"column":26}},"loc":{"start":{"line":138,"column":38},"end":{"line":138,"column":40}},"line":138}},"branchMap":{"0":{"loc":{"start":{"line":9,"column":79},"end":{"line":9,"column":125}},"type":"cond-expr","locations":[{"start":{"line":9,"column":103},"end":{"line":9,"column":106}},{"start":{"line":9,"column":109},"end":{"line":9,"column":125}}],"line":9},"1":{"loc":{"start":{"line":9,"column":79},"end":{"line":9,"column":100}},"type":"binary-expr","locations":[{"start":{"line":9,"column":79},"end":{"line":9,"column":82}},{"start":{"line":9,"column":86},"end":{"line":9,"column":100}}],"line":9},"2":{"loc":{"start":{"line":18,"column":20},"end":{"line":18,"column":63}},"type":"cond-expr","locations":[{"start":{"line":18,"column":46},"end":{"line":18,"column":52}},{"start":{"line":18,"column":55},"end":{"line":18,"column":63}}],"line":18},"3":{"loc":{"start":{"line":70,"column":8},"end":{"line":74,"column":20}},"type":"binary-expr","locations":[{"start":{"line":70,"column":8},"end":{"line":70,"column":23}},{"start":{"line":71,"column":8},"end":{"line":74,"column":20}}],"line":70},"4":{"loc":{"start":{"line":72,"column":10},"end":{"line":74,"column":19}},"type":"cond-expr","locations":[{"start":{"line":73,"column":10},"end":{"line":73,"column":42}},{"start":{"line":74,"column":10},"end":{"line":74,"column":19}}],"line":72},"5":{"loc":{"start":{"line":77,"column":8},"end":{"line":112,"column":25}},"type":"binary-expr","locations":[{"start":{"line":77,"column":8},"end":{"line":77,"column":23}},{"start":{"line":78,"column":8},"end":{"line":112,"column":25}}],"line":77},"6":{"loc":{"start":{"line":79,"column":10},"end":{"line":112,"column":19}},"type":"cond-expr","locations":[{"start":{"line":80,"column":10},"end":{"line":106,"column":109}},{"start":{"line":112,"column":10},"end":{"line":112,"column":19}}],"line":79},"7":{"loc":{"start":{"line":117,"column":8},"end":{"line":117,"column":159}},"type":"binary-expr","locations":[{"start":{"line":117,"column":8},"end":{"line":117,"column":25}},{"start":{"line":117,"column":29},"end":{"line":117,"column":159}}],"line":117}},"s":{"0":0,"1":0,"2":0,"3":0,"4":0,"5":0,"6":0,"7":0,"8":0,"9":0,"10":0,"11":0,"12":0,"13":0,"14":0,"15":0,"16":0,"17":0,"18":0,"19":0,"20":0,"21":0,"22":0,"23":0,"24":0,"25":0,"26":0,"27":0,"28":0,"29":0,"30":0,"31":0,"32":0,"33":0,"34":0,"35":0},"f":{"0":0,"1":0,"2":0,"3":0,"4":0,"5":0,"6":0,"7":0,"8":0},"b":{"0":[0,0],"1":[0,0],"2":[0,0],"3":[0,0],"4":[0,0],"5":[0,0],"6":[0,0],"7":[0,0]}}
,"/Users/Gavin/codefellows/postGrad/reactDataVisualization/src/components/LocationPicker.js": {"path":"/Users/Gavin/codefellows/postGrad/reactDataVisualization/src/components/LocationPicker.js","statementMap":{"0":{"start":{"line":1,"column":13},"end":{"line":1,"column":75}},"1":{"start":{"line":1,"column":94},"end":{"line":1,"column":185}},"2":{"start":{"line":1,"column":199},"end":{"line":1,"column":215}},"3":{"start":{"line":1,"column":230},"end":{"line":1,"column":260}},"4":{"start":{"line":2,"column":17},"end":{"line":2,"column":38}},"5":{"start":{"line":2,"column":57},"end":{"line":2,"column":91}},"6":{"start":{"line":3,"column":14},"end":{"line":3,"column":43}},"7":{"start":{"line":4,"column":17},"end":{"line":4,"column":49}},"8":{"start":{"line":4,"column":68},"end":{"line":4,"column":102}},"9":{"start":{"line":5,"column":14},"end":{"line":5,"column":43}},"10":{"start":{"line":5,"column":59},"end":{"line":5,"column":90}},"11":{"start":{"line":6,"column":13},"end":{"line":6,"column":29}},"12":{"start":{"line":6,"column":44},"end":{"line":6,"column":74}},"13":{"start":{"line":7,"column":18},"end":{"line":7,"column":40}},"14":{"start":{"line":8,"column":23},"end":{"line":8,"column":61}},"15":{"start":{"line":8,"column":100},"end":{"line":8,"column":154}},"16":{"start":{"line":11,"column":4},"end":{"line":11,"column":17}},"17":{"start":{"line":11,"column":17},"end":{"line":33,"column":6}},"18":{"start":{"line":20,"column":32},"end":{"line":33,"column":5}},"19":{"start":{"line":21,"column":6},"end":{"line":27,"column":7}},"20":{"start":{"line":23,"column":10},"end":{"line":25,"column":77}},"21":{"start":{"line":28,"column":6},"end":{"line":32,"column":7}},"22":{"start":{"line":29,"column":8},"end":{"line":30,"column":38}},"23":{"start":{"line":33,"column":6},"end":{"line":41,"column":6}},"24":{"start":{"line":37,"column":8},"end":{"line":39,"column":46}},"25":{"start":{"line":41,"column":6},"end":{"line":45,"column":6}},"26":{"start":{"line":44,"column":6},"end":{"line":44,"column":57}},"27":{"start":{"line":45,"column":6},"end":{"line":45,"column":88}},"28":{"start":{"line":48,"column":19},"end":{"line":57,"column":22}},"29":{"start":{"line":60,"column":4},"end":{"line":93,"column":114}},"30":{"start":{"line":102,"column":22},"end":{"line":102,"column":35}},"31":{"start":{"line":102,"column":32},"end":{"line":102,"column":34}},"32":{"start":{"line":104,"column":25},"end":{"line":105,"column":79}},"33":{"start":{"line":104,"column":38},"end":{"line":105,"column":78}},"34":{"start":{"line":105,"column":25},"end":{"line":105,"column":76}},"35":{"start":{"line":105,"column":80},"end":{"line":108,"column":78}}},"fnMap":{"0":{"name":"_interopRequireDefault","decl":{"start":{"line":8,"column":71},"end":{"line":8,"column":93}},"loc":{"start":{"line":8,"column":99},"end":{"line":8,"column":155}},"line":8},"1":{"name":"(anonymous_1)","decl":{"start":{"line":10,"column":2},"end":{"line":10,"column":3}},"loc":{"start":{"line":10,"column":21},"end":{"line":45,"column":89}},"line":10},"2":{"name":"(anonymous_2)","decl":{"start":{"line":20,"column":24},"end":{"line":20,"column":25}},"loc":{"start":{"line":20,"column":32},"end":{"line":33,"column":5}},"line":20},"3":{"name":"(anonymous_3)","decl":{"start":{"line":20,"column":32},"end":{"line":20,"column":33}},"loc":{"start":{"line":20,"column":41},"end":{"line":33,"column":5}},"line":20},"4":{"name":"(anonymous_4)","decl":{"start":{"line":35,"column":19},"end":{"line":35,"column":20}},"loc":{"start":{"line":35,"column":25},"end":{"line":41,"column":5}},"line":35},"5":{"name":"(anonymous_5)","decl":{"start":{"line":43,"column":25},"end":{"line":43,"column":26}},"loc":{"start":{"line":43,"column":31},"end":{"line":45,"column":5}},"line":43},"6":{"name":"(anonymous_6)","decl":{"start":{"line":47,"column":2},"end":{"line":47,"column":3}},"loc":{"start":{"line":47,"column":11},"end":{"line":99,"column":3}},"line":47},"7":{"name":"(anonymous_7)","decl":{"start":{"line":102,"column":22},"end":{"line":102,"column":23}},"loc":{"start":{"line":102,"column":32},"end":{"line":102,"column":34}},"line":102},"8":{"name":"(anonymous_8)","decl":{"start":{"line":104,"column":25},"end":{"line":104,"column":26}},"loc":{"start":{"line":104,"column":38},"end":{"line":105,"column":78}},"line":104},"9":{"name":"(anonymous_9)","decl":{"start":{"line":105,"column":18},"end":{"line":105,"column":19}},"loc":{"start":{"line":105,"column":25},"end":{"line":105,"column":76}},"line":105}},"branchMap":{"0":{"loc":{"start":{"line":8,"column":107},"end":{"line":8,"column":153}},"type":"cond-expr","locations":[{"start":{"line":8,"column":131},"end":{"line":8,"column":134}},{"start":{"line":8,"column":137},"end":{"line":8,"column":153}}],"line":8},"1":{"loc":{"start":{"line":8,"column":107},"end":{"line":8,"column":128}},"type":"binary-expr","locations":[{"start":{"line":8,"column":107},"end":{"line":8,"column":110}},{"start":{"line":8,"column":114},"end":{"line":8,"column":128}}],"line":8},"2":{"loc":{"start":{"line":21,"column":6},"end":{"line":27,"column":7}},"type":"if","locations":[{"start":{"line":21,"column":6},"end":{"line":27,"column":7}},{"start":{"line":21,"column":6},"end":{"line":27,"column":7}}],"line":21},"3":{"loc":{"start":{"line":23,"column":10},"end":{"line":25,"column":76}},"type":"cond-expr","locations":[{"start":{"line":24,"column":10},"end":{"line":24,"column":74}},{"start":{"line":25,"column":10},"end":{"line":25,"column":76}}],"line":23},"4":{"loc":{"start":{"line":28,"column":6},"end":{"line":32,"column":7}},"type":"if","locations":[{"start":{"line":28,"column":6},"end":{"line":32,"column":7}},{"start":{"line":28,"column":6},"end":{"line":32,"column":7}}],"line":28},"5":{"loc":{"start":{"line":37,"column":8},"end":{"line":39,"column":45}},"type":"cond-expr","locations":[{"start":{"line":38,"column":8},"end":{"line":38,"column":54}},{"start":{"line":39,"column":8},"end":{"line":39,"column":45}}],"line":37},"6":{"loc":{"start":{"line":37,"column":8},"end":{"line":37,"column":68}},"type":"binary-expr","locations":[{"start":{"line":37,"column":8},"end":{"line":37,"column":38}},{"start":{"line":37,"column":42},"end":{"line":37,"column":68}}],"line":37},"7":{"loc":{"start":{"line":64,"column":19},"end":{"line":64,"column":65}},"type":"cond-expr","locations":[{"start":{"line":64,"column":53},"end":{"line":64,"column":57}},{"start":{"line":64,"column":60},"end":{"line":64,"column":65}}],"line":64}},"s":{"0":0,"1":0,"2":0,"3":0,"4":0,"5":0,"6":0,"7":0,"8":0,"9":0,"10":0,"11":0,"12":0,"13":0,"14":0,"15":0,"16":0,"17":0,"18":0,"19":0,"20":0,"21":0,"22":0,"23":0,"24":0,"25":0,"26":0,"27":0,"28":0,"29":0,"30":0,"31":0,"32":0,"33":0,"34":0,"35":0},"f":{"0":0,"1":0,"2":0,"3":0,"4":0,"5":0,"6":0,"7":0,"8":0,"9":0},"b":{"0":[0,0],"1":[0,0],"2":[0,0],"3":[0,0],"4":[0,0],"5":[0,0],"6":[0,0],"7":[0,0]}}
,"/Users/Gavin/codefellows/postGrad/reactDataVisualization/src/components/Login.js": {"path":"/Users/Gavin/codefellows/postGrad/reactDataVisualization/src/components/Login.js","statementMap":{"0":{"start":{"line":1,"column":25},"end":{"line":1,"column":57}},"1":{"start":{"line":2,"column":11},"end":{"line":2,"column":46}},"2":{"start":{"line":3,"column":8},"end":{"line":3,"column":47}},"3":{"start":{"line":4,"column":7},"end":{"line":4,"column":38}},"4":{"start":{"line":5,"column":7},"end":{"line":5,"column":38}},"5":{"start":{"line":6,"column":7},"end":{"line":6,"column":38}},"6":{"start":{"line":7,"column":7},"end":{"line":7,"column":38}},"7":{"start":{"line":8,"column":7},"end":{"line":8,"column":38}},"8":{"start":{"line":9,"column":8},"end":{"line":9,"column":40}},"9":{"start":{"line":10,"column":10},"end":{"line":10,"column":44}},"10":{"start":{"line":11,"column":15},"end":{"line":11,"column":54}},"11":{"start":{"line":12,"column":16},"end":{"line":12,"column":56}},"12":{"start":{"line":13,"column":15},"end":{"line":13,"column":54}},"13":{"start":{"line":14,"column":16},"end":{"line":14,"column":56}},"14":{"start":{"line":15,"column":15},"end":{"line":15,"column":54}},"15":{"start":{"line":16,"column":8},"end":{"line":16,"column":40}},"16":{"start":{"line":17,"column":9},"end":{"line":17,"column":42}},"17":{"start":{"line":18,"column":7},"end":{"line":18,"column":38}},"18":{"start":{"line":19,"column":7},"end":{"line":19,"column":38}},"19":{"start":{"line":20,"column":10},"end":{"line":20,"column":44}},"20":{"start":{"line":21,"column":12},"end":{"line":21,"column":53}},"21":{"start":{"line":22,"column":12},"end":{"line":22,"column":53}},"22":{"start":{"line":23,"column":11},"end":{"line":23,"column":51}},"23":{"start":{"line":24,"column":11},"end":{"line":24,"column":51}},"24":{"start":{"line":25,"column":7},"end":{"line":25,"column":38}},"25":{"start":{"line":30,"column":15},"end":{"line":30,"column":17}},"26":{"start":{"line":31,"column":14},"end":{"line":31,"column":16}},"27":{"start":{"line":32,"column":16},"end":{"line":32,"column":18}},"28":{"start":{"line":33,"column":15},"end":{"line":33,"column":17}},"29":{"start":{"line":39,"column":14},"end":{"line":39,"column":21}},"30":{"start":{"line":42,"column":15},"end":{"line":42,"column":33}},"31":{"start":{"line":43,"column":8},"end":{"line":43,"column":37}},"32":{"start":{"line":44,"column":9},"end":{"line":44,"column":39}},"33":{"start":{"line":45,"column":14},"end":{"line":45,"column":37}},"34":{"start":{"line":46,"column":16},"end":{"line":46,"column":18}},"35":{"start":{"line":47,"column":16},"end":{"line":47,"column":18}},"36":{"start":{"line":48,"column":17},"end":{"line":48,"column":19}},"37":{"start":{"line":49,"column":2},"end":{"line":51,"column":5}},"38":{"start":{"line":50,"column":4},"end":{"line":50,"column":38}},"39":{"start":{"line":52,"column":2},"end":{"line":52,"column":34}},"40":{"start":{"line":53,"column":2},"end":{"line":53,"column":33}},"41":{"start":{"line":54,"column":2},"end":{"line":54,"column":50}},"42":{"start":{"line":55,"column":2},"end":{"line":55,"column":55}},"43":{"start":{"line":56,"column":2},"end":{"line":56,"column":24}},"44":{"start":{"line":58,"column":2},"end":{"line":58,"column":35}},"45":{"start":{"line":59,"column":2},"end":{"line":59,"column":34}},"46":{"start":{"line":60,"column":2},"end":{"line":60,"column":36}},"47":{"start":{"line":61,"column":2},"end":{"line":61,"column":33}},"48":{"start":{"line":62,"column":2},"end":{"line":62,"column":56}},"49":{"start":{"line":63,"column":2},"end":{"line":63,"column":43}},"50":{"start":{"line":65,"column":2},"end":{"line":65,"column":35}},"51":{"start":{"line":66,"column":15},"end":{"line":66,"column":62}},"52":{"start":{"line":67,"column":2},"end":{"line":71,"column":3}},"53":{"start":{"line":68,"column":9},"end":{"line":71,"column":3}},"54":{"start":{"line":69,"column":4},"end":{"line":69,"column":16}},"55":{"start":{"line":70,"column":4},"end":{"line":70,"column":30}},"56":{"start":{"line":73,"column":2},"end":{"line":73,"column":28}},"57":{"start":{"line":74,"column":2},"end":{"line":78,"column":3}},"58":{"start":{"line":75,"column":4},"end":{"line":75,"column":28}},"59":{"start":{"line":76,"column":9},"end":{"line":78,"column":3}},"60":{"start":{"line":77,"column":4},"end":{"line":77,"column":29}},"61":{"start":{"line":80,"column":19},"end":{"line":80,"column":63}},"62":{"start":{"line":81,"column":19},"end":{"line":81,"column":64}},"63":{"start":{"line":82,"column":19},"end":{"line":82,"column":63}},"64":{"start":{"line":83,"column":20},"end":{"line":83,"column":66}},"65":{"start":{"line":84,"column":18},"end":{"line":88,"column":21}},"66":{"start":{"line":90,"column":14},"end":{"line":90,"column":48}},"67":{"start":{"line":91,"column":14},"end":{"line":91,"column":47}},"68":{"start":{"line":92,"column":18},"end":{"line":96,"column":21}},"69":{"start":{"line":98,"column":14},"end":{"line":98,"column":48}},"70":{"start":{"line":99,"column":14},"end":{"line":99,"column":47}},"71":{"start":{"line":100,"column":18},"end":{"line":104,"column":21}},"72":{"start":{"line":106,"column":14},"end":{"line":106,"column":49}},"73":{"start":{"line":107,"column":14},"end":{"line":107,"column":48}},"74":{"start":{"line":108,"column":19},"end":{"line":112,"column":21}},"75":{"start":{"line":114,"column":15},"end":{"line":114,"column":51}},"76":{"start":{"line":115,"column":15},"end":{"line":115,"column":50}},"77":{"start":{"line":116,"column":15},"end":{"line":116,"column":39}},"78":{"start":{"line":117,"column":14},"end":{"line":117,"column":26}},"79":{"start":{"line":118,"column":14},"end":{"line":118,"column":26}},"80":{"start":{"line":119,"column":14},"end":{"line":119,"column":37}},"81":{"start":{"line":120,"column":2},"end":{"line":122,"column":3}},"82":{"start":{"line":121,"column":4},"end":{"line":121,"column":28}},"83":{"start":{"line":123,"column":14},"end":{"line":123,"column":26}},"84":{"start":{"line":124,"column":14},"end":{"line":124,"column":26}},"85":{"start":{"line":125,"column":17},"end":{"line":125,"column":41}},"86":{"start":{"line":126,"column":20},"end":{"line":126,"column":45}},"87":{"start":{"line":127,"column":18},"end":{"line":127,"column":42}},"88":{"start":{"line":128,"column":18},"end":{"line":128,"column":42}},"89":{"start":{"line":129,"column":14},"end":{"line":129,"column":38}},"90":{"start":{"line":130,"column":14},"end":{"line":130,"column":17}},"91":{"start":{"line":132,"column":2},"end":{"line":132,"column":69}},"92":{"start":{"line":133,"column":2},"end":{"line":133,"column":69}},"93":{"start":{"line":134,"column":2},"end":{"line":139,"column":26}},"94":{"start":{"line":141,"column":2},"end":{"line":146,"column":26}},"95":{"start":{"line":148,"column":2},"end":{"line":152,"column":26}},"96":{"start":{"line":154,"column":2},"end":{"line":159,"column":26}},"97":{"start":{"line":161,"column":2},"end":{"line":166,"column":26}},"98":{"start":{"line":168,"column":2},"end":{"line":171,"column":26}},"99":{"start":{"line":173,"column":2},"end":{"line":173,"column":80}},"100":{"start":{"line":174,"column":2},"end":{"line":177,"column":26}},"101":{"start":{"line":179,"column":2},"end":{"line":179,"column":80}},"102":{"start":{"line":180,"column":2},"end":{"line":184,"column":26}},"103":{"start":{"line":187,"column":2},"end":{"line":187,"column":33}},"104":{"start":{"line":191,"column":2},"end":{"line":191,"column":14}},"105":{"start":{"line":192,"column":14},"end":{"line":192,"column":28}},"106":{"start":{"line":193,"column":2},"end":{"line":193,"column":31}},"107":{"start":{"line":196,"column":2},"end":{"line":250,"column":3}},"108":{"start":{"line":197,"column":4},"end":{"line":211,"column":5}},"109":{"start":{"line":198,"column":6},"end":{"line":198,"column":29}},"110":{"start":{"line":199,"column":6},"end":{"line":202,"column":30}},"111":{"start":{"line":204,"column":6},"end":{"line":204,"column":64}},"112":{"start":{"line":205,"column":6},"end":{"line":205,"column":65}},"113":{"start":{"line":206,"column":6},"end":{"line":209,"column":30}},"114":{"start":{"line":212,"column":4},"end":{"line":239,"column":5}},"115":{"start":{"line":213,"column":6},"end":{"line":213,"column":28}},"116":{"start":{"line":214,"column":6},"end":{"line":216,"column":30}},"117":{"start":{"line":218,"column":6},"end":{"line":218,"column":65}},"118":{"start":{"line":219,"column":6},"end":{"line":219,"column":59}},"119":{"start":{"line":220,"column":6},"end":{"line":224,"column":44}},"120":{"start":{"line":227,"column":6},"end":{"line":227,"column":29}},"121":{"start":{"line":228,"column":6},"end":{"line":230,"column":30}},"122":{"start":{"line":232,"column":6},"end":{"line":232,"column":64}},"123":{"start":{"line":233,"column":6},"end":{"line":233,"column":65}},"124":{"start":{"line":234,"column":6},"end":{"line":237,"column":30}},"125":{"start":{"line":241,"column":4},"end":{"line":241,"column":26}},"126":{"start":{"line":242,"column":4},"end":{"line":245,"column":28}},"127":{"start":{"line":247,"column":4},"end":{"line":247,"column":62}},"128":{"start":{"line":248,"column":4},"end":{"line":248,"column":57}},"129":{"start":{"line":249,"column":4},"end":{"line":249,"column":79}},"130":{"start":{"line":254,"column":2},"end":{"line":254,"column":56}},"131":{"start":{"line":255,"column":2},"end":{"line":255,"column":13}},"132":{"start":{"line":259,"column":2},"end":{"line":261,"column":3}},"133":{"start":{"line":260,"column":4},"end":{"line":260,"column":61}},"134":{"start":{"line":262,"column":2},"end":{"line":262,"column":14}},"135":{"start":{"line":266,"column":2},"end":{"line":266,"column":14}},"136":{"start":{"line":270,"column":2},"end":{"line":270,"column":16}},"137":{"start":{"line":274,"column":2},"end":{"line":274,"column":77}},"138":{"start":{"line":275,"column":2},"end":{"line":280,"column":18}},"139":{"start":{"line":285,"column":2},"end":{"line":285,"column":58}},"140":{"start":{"line":286,"column":2},"end":{"line":286,"column":77}},"141":{"start":{"line":287,"column":2},"end":{"line":287,"column":58}},"142":{"start":{"line":288,"column":2},"end":{"line":288,"column":78}},"143":{"start":{"line":292,"column":2},"end":{"line":292,"column":67}},"144":{"start":{"line":293,"column":2},"end":{"line":298,"column":26}},"145":{"start":{"line":300,"column":2},"end":{"line":300,"column":73}},"146":{"start":{"line":301,"column":2},"end":{"line":301,"column":70}},"147":{"start":{"line":302,"column":2},"end":{"line":302,"column":80}},"148":{"start":{"line":303,"column":2},"end":{"line":307,"column":26}},"149":{"start":{"line":312,"column":14},"end":{"line":312,"column":42}},"150":{"start":{"line":313,"column":2},"end":{"line":313,"column":15}},"151":{"start":{"line":317,"column":13},"end":{"line":317,"column":14}},"152":{"start":{"line":318,"column":13},"end":{"line":318,"column":14}},"153":{"start":{"line":320,"column":2},"end":{"line":335,"column":3}},"154":{"start":{"line":321,"column":4},"end":{"line":332,"column":5}},"155":{"start":{"line":323,"column":20},"end":{"line":323,"column":72}},"156":{"start":{"line":324,"column":20},"end":{"line":324,"column":70}},"157":{"start":{"line":326,"column":6},"end":{"line":326,"column":54}},"158":{"start":{"line":327,"column":6},"end":{"line":327,"column":52}},"159":{"start":{"line":330,"column":6},"end":{"line":330,"column":60}},"160":{"start":{"line":331,"column":6},"end":{"line":331,"column":57}},"161":{"start":{"line":334,"column":4},"end":{"line":334,"column":25}},"162":{"start":{"line":336,"column":2},"end":{"line":338,"column":14}},"163":{"start":{"line":342,"column":0},"end":{"line":342,"column":46}},"164":{"start":{"line":343,"column":0},"end":{"line":343,"column":44}},"165":{"start":{"line":344,"column":0},"end":{"line":344,"column":46}},"166":{"start":{"line":345,"column":0},"end":{"line":345,"column":52}},"167":{"start":{"line":346,"column":0},"end":{"line":346,"column":50}},"168":{"start":{"line":347,"column":0},"end":{"line":351,"column":33}},"169":{"start":{"line":353,"column":0},"end":{"line":357,"column":34}}},"fnMap":{"0":{"name":"getCoord","decl":{"start":{"line":41,"column":9},"end":{"line":41,"column":17}},"loc":{"start":{"line":41,"column":21},"end":{"line":188,"column":1}},"line":41},"1":{"name":"(anonymous_1)","decl":{"start":{"line":49,"column":29},"end":{"line":49,"column":30}},"loc":{"start":{"line":49,"column":45},"end":{"line":51,"column":3}},"line":49},"2":{"name":"onEmailInput","decl":{"start":{"line":190,"column":9},"end":{"line":190,"column":21}},"loc":{"start":{"line":190,"column":25},"end":{"line":251,"column":1}},"line":190},"3":{"name":"onEmailFocus","decl":{"start":{"line":253,"column":9},"end":{"line":253,"column":21}},"loc":{"start":{"line":253,"column":25},"end":{"line":256,"column":1}},"line":253},"4":{"name":"onEmailBlur","decl":{"start":{"line":258,"column":9},"end":{"line":258,"column":20}},"loc":{"start":{"line":258,"column":24},"end":{"line":263,"column":1}},"line":258},"5":{"name":"onPasswordFocus","decl":{"start":{"line":265,"column":9},"end":{"line":265,"column":24}},"loc":{"start":{"line":265,"column":28},"end":{"line":267,"column":1}},"line":265},"6":{"name":"onPasswordBlur","decl":{"start":{"line":269,"column":9},"end":{"line":269,"column":23}},"loc":{"start":{"line":269,"column":27},"end":{"line":271,"column":1}},"line":269},"7":{"name":"coverEyes","decl":{"start":{"line":273,"column":9},"end":{"line":273,"column":18}},"loc":{"start":{"line":273,"column":21},"end":{"line":282,"column":1}},"line":273},"8":{"name":"uncoverEyes","decl":{"start":{"line":284,"column":9},"end":{"line":284,"column":20}},"loc":{"start":{"line":284,"column":23},"end":{"line":289,"column":1}},"line":284},"9":{"name":"resetFace","decl":{"start":{"line":291,"column":9},"end":{"line":291,"column":18}},"loc":{"start":{"line":291,"column":21},"end":{"line":309,"column":1}},"line":291},"10":{"name":"getAngle","decl":{"start":{"line":311,"column":9},"end":{"line":311,"column":17}},"loc":{"start":{"line":311,"column":34},"end":{"line":314,"column":1}},"line":311},"11":{"name":"getPosition","decl":{"start":{"line":316,"column":9},"end":{"line":316,"column":20}},"loc":{"start":{"line":316,"column":25},"end":{"line":340,"column":1}},"line":316}},"branchMap":{"0":{"loc":{"start":{"line":55,"column":21},"end":{"line":55,"column":54}},"type":"binary-expr","locations":[{"start":{"line":55,"column":21},"end":{"line":55,"column":47}},{"start":{"line":55,"column":51},"end":{"line":55,"column":54}}],"line":55},"1":{"loc":{"start":{"line":67,"column":2},"end":{"line":71,"column":3}},"type":"if","locations":[{"start":{"line":67,"column":2},"end":{"line":71,"column":3}},{"start":{"line":67,"column":2},"end":{"line":71,"column":3}}],"line":67},"2":{"loc":{"start":{"line":68,"column":9},"end":{"line":71,"column":3}},"type":"if","locations":[{"start":{"line":68,"column":9},"end":{"line":71,"column":3}},{"start":{"line":68,"column":9},"end":{"line":71,"column":3}}],"line":68},"3":{"loc":{"start":{"line":74,"column":2},"end":{"line":78,"column":3}},"type":"if","locations":[{"start":{"line":74,"column":2},"end":{"line":78,"column":3}},{"start":{"line":74,"column":2},"end":{"line":78,"column":3}}],"line":74},"4":{"loc":{"start":{"line":76,"column":9},"end":{"line":78,"column":3}},"type":"if","locations":[{"start":{"line":76,"column":9},"end":{"line":78,"column":3}},{"start":{"line":76,"column":9},"end":{"line":78,"column":3}}],"line":76},"5":{"loc":{"start":{"line":120,"column":2},"end":{"line":122,"column":3}},"type":"if","locations":[{"start":{"line":120,"column":2},"end":{"line":122,"column":3}},{"start":{"line":120,"column":2},"end":{"line":122,"column":3}}],"line":120},"6":{"loc":{"start":{"line":196,"column":2},"end":{"line":250,"column":3}},"type":"if","locations":[{"start":{"line":196,"column":2},"end":{"line":250,"column":3}},{"start":{"line":196,"column":2},"end":{"line":250,"column":3}}],"line":196},"7":{"loc":{"start":{"line":197,"column":4},"end":{"line":211,"column":5}},"type":"if","locations":[{"start":{"line":197,"column":4},"end":{"line":211,"column":5}},{"start":{"line":197,"column":4},"end":{"line":211,"column":5}}],"line":197},"8":{"loc":{"start":{"line":212,"column":4},"end":{"line":239,"column":5}},"type":"if","locations":[{"start":{"line":212,"column":4},"end":{"line":239,"column":5}},{"start":{"line":212,"column":4},"end":{"line":239,"column":5}}],"line":212},"9":{"loc":{"start":{"line":259,"column":2},"end":{"line":261,"column":3}},"type":"if","locations":[{"start":{"line":259,"column":2},"end":{"line":261,"column":3}},{"start":{"line":259,"column":2},"end":{"line":261,"column":3}}],"line":259},"10":{"loc":{"start":{"line":321,"column":4},"end":{"line":332,"column":5}},"type":"if","locations":[{"start":{"line":321,"column":4},"end":{"line":332,"column":5}},{"start":{"line":321,"column":4},"end":{"line":332,"column":5}}],"line":321},"11":{"loc":{"start":{"line":323,"column":20},"end":{"line":323,"column":72}},"type":"binary-expr","locations":[{"start":{"line":323,"column":20},"end":{"line":323,"column":33}},{"start":{"line":323,"column":37},"end":{"line":323,"column":72}}],"line":323},"12":{"loc":{"start":{"line":324,"column":20},"end":{"line":324,"column":70}},"type":"binary-expr","locations":[{"start":{"line":324,"column":20},"end":{"line":324,"column":32}},{"start":{"line":324,"column":36},"end":{"line":324,"column":70}}],"line":324}},"s":{"0":0,"1":0,"2":0,"3":0,"4":0,"5":0,"6":0,"7":0,"8":0,"9":0,"10":0,"11":0,"12":0,"13":0,"14":0,"15":0,"16":0,"17":0,"18":0,"19":0,"20":0,"21":0,"22":0,"23":0,"24":0,"25":0,"26":0,"27":0,"28":0,"29":0,"30":0,"31":0,"32":0,"33":0,"34":0,"35":0,"36":0,"37":0,"38":0,"39":0,"40":0,"41":0,"42":0,"43":0,"44":0,"45":0,"46":0,"47":0,"48":0,"49":0,"50":0,"51":0,"52":0,"53":0,"54":0,"55":0,"56":0,"57":0,"58":0,"59":0,"60":0,"61":0,"62":0,"63":0,"64":0,"65":0,"66":0,"67":0,"68":0,"69":0,"70":0,"71":0,"72":0,"73":0,"74":0,"75":0,"76":0,"77":0,"78":0,"79":0,"80":0,"81":0,"82":0,"83":0,"84":0,"85":0,"86":0,"87":0,"88":0,"89":0,"90":0,"91":0,"92":0,"93":0,"94":0,"95":0,"96":0,"97":0,"98":0,"99":0,"100":0,"101":0,"102":0,"103":0,"104":0,"105":0,"106":0,"107":0,"108":0,"109":0,"110":0,"111":0,"112":0,"113":0,"114":0,"115":0,"116":0,"117":0,"118":0,"119":0,"120":0,"121":0,"122":0,"123":0,"124":0,"125":0,"126":0,"127":0,"128":0,"129":0,"130":0,"131":0,"132":0,"133":0,"134":0,"135":0,"136":0,"137":0,"138":0,"139":0,"140":0,"141":0,"142":0,"143":0,"144":0,"145":0,"146":0,"147":0,"148":0,"149":0,"150":0,"151":0,"152":0,"153":0,"154":0,"155":0,"156":0,"157":0,"158":0,"159":0,"160":0,"161":0,"162":0,"163":0,"164":0,"165":0,"166":0,"167":0,"168":0,"169":0},"f":{"0":0,"1":0,"2":0,"3":0,"4":0,"5":0,"6":0,"7":0,"8":0,"9":0,"10":0,"11":0},"b":{"0":[0,0],"1":[0,0],"2":[0,0],"3":[0,0],"4":[0,0],"5":[0,0],"6":[0,0],"7":[0,0],"8":[0,0],"9":[0,0],"10":[0,0],"11":[0,0],"12":[0,0]}}
,"/Users/Gavin/codefellows/postGrad/reactDataVisualization/src/components/RadarChart.js": {"path":"/Users/Gavin/codefellows/postGrad/reactDataVisualization/src/components/RadarChart.js","statementMap":{"0":{"start":{"line":1,"column":13},"end":{"line":1,"column":75}},"1":{"start":{"line":1,"column":94},"end":{"line":1,"column":181}},"2":{"start":{"line":3,"column":13},"end":{"line":3,"column":29}},"3":{"start":{"line":3,"column":44},"end":{"line":3,"column":74}},"4":{"start":{"line":3,"column":90},"end":{"line":3,"column":108}},"5":{"start":{"line":3,"column":147},"end":{"line":3,"column":201}},"6":{"start":{"line":15,"column":22},"end":{"line":18,"column":72}},"7":{"start":{"line":23,"column":4},"end":{"line":23,"column":17}},"8":{"start":{"line":24,"column":4},"end":{"line":26,"column":46}},"9":{"start":{"line":31,"column":24},"end":{"line":34,"column":10}},"10":{"start":{"line":32,"column":6},"end":{"line":32,"column":40}},"11":{"start":{"line":32,"column":32},"end":{"line":32,"column":38}},"12":{"start":{"line":33,"column":6},"end":{"line":33,"column":18}},"13":{"start":{"line":35,"column":4},"end":{"line":38,"column":11}},"14":{"start":{"line":36,"column":6},"end":{"line":36,"column":48}},"15":{"start":{"line":37,"column":6},"end":{"line":37,"column":18}},"16":{"start":{"line":42,"column":23},"end":{"line":42,"column":43}},"17":{"start":{"line":43,"column":26},"end":{"line":47,"column":5}},"18":{"start":{"line":44,"column":6},"end":{"line":46,"column":9}},"19":{"start":{"line":45,"column":8},"end":{"line":45,"column":55}},"20":{"start":{"line":48,"column":4},"end":{"line":48,"column":51}},"21":{"start":{"line":48,"column":29},"end":{"line":48,"column":49}},"22":{"start":{"line":52,"column":4},"end":{"line":86,"column":126}},"23":{"start":{"line":59,"column":12},"end":{"line":59,"column":163}},"24":{"start":{"line":63,"column":10},"end":{"line":77,"column":116}},"25":{"start":{"line":76,"column":31},"end":{"line":76,"column":68}},"26":{"start":{"line":83,"column":28},"end":{"line":83,"column":30}},"27":{"start":{"line":91,"column":4},"end":{"line":93,"column":11}}},"fnMap":{"0":{"name":"_interopRequireDefault","decl":{"start":{"line":3,"column":118},"end":{"line":3,"column":140}},"loc":{"start":{"line":3,"column":146},"end":{"line":3,"column":202}},"line":3},"1":{"name":"(anonymous_1)","decl":{"start":{"line":22,"column":2},"end":{"line":22,"column":3}},"loc":{"start":{"line":22,"column":21},"end":{"line":28,"column":3}},"line":22},"2":{"name":"(anonymous_2)","decl":{"start":{"line":30,"column":2},"end":{"line":30,"column":3}},"loc":{"start":{"line":30,"column":18},"end":{"line":39,"column":3}},"line":30},"3":{"name":"(anonymous_3)","decl":{"start":{"line":31,"column":52},"end":{"line":31,"column":53}},"loc":{"start":{"line":31,"column":67},"end":{"line":34,"column":5}},"line":31},"4":{"name":"(anonymous_4)","decl":{"start":{"line":32,"column":27},"end":{"line":32,"column":28}},"loc":{"start":{"line":32,"column":32},"end":{"line":32,"column":38}},"line":32},"5":{"name":"(anonymous_5)","decl":{"start":{"line":35,"column":43},"end":{"line":35,"column":44}},"loc":{"start":{"line":35,"column":58},"end":{"line":38,"column":5}},"line":35},"6":{"name":"(anonymous_6)","decl":{"start":{"line":41,"column":2},"end":{"line":41,"column":3}},"loc":{"start":{"line":41,"column":20},"end":{"line":49,"column":3}},"line":41},"7":{"name":"(anonymous_7)","decl":{"start":{"line":43,"column":26},"end":{"line":43,"column":27}},"loc":{"start":{"line":43,"column":31},"end":{"line":47,"column":5}},"line":43},"8":{"name":"(anonymous_8)","decl":{"start":{"line":44,"column":32},"end":{"line":44,"column":33}},"loc":{"start":{"line":44,"column":39},"end":{"line":46,"column":7}},"line":44},"9":{"name":"(anonymous_9)","decl":{"start":{"line":48,"column":20},"end":{"line":48,"column":21}},"loc":{"start":{"line":48,"column":29},"end":{"line":48,"column":49}},"line":48},"10":{"name":"(anonymous_10)","decl":{"start":{"line":51,"column":2},"end":{"line":51,"column":3}},"loc":{"start":{"line":51,"column":11},"end":{"line":91,"column":3}},"line":51},"11":{"name":"(anonymous_11)","decl":{"start":{"line":58,"column":30},"end":{"line":58,"column":31}},"loc":{"start":{"line":58,"column":43},"end":{"line":60,"column":11}},"line":58},"12":{"name":"(anonymous_12)","decl":{"start":{"line":62,"column":43},"end":{"line":62,"column":44}},"loc":{"start":{"line":62,"column":55},"end":{"line":80,"column":9}},"line":62},"13":{"name":"(anonymous_13)","decl":{"start":{"line":76,"column":26},"end":{"line":76,"column":27}},"loc":{"start":{"line":76,"column":31},"end":{"line":76,"column":68}},"line":76},"14":{"name":"(anonymous_14)","decl":{"start":{"line":83,"column":22},"end":{"line":83,"column":23}},"loc":{"start":{"line":83,"column":28},"end":{"line":83,"column":30}},"line":83}},"branchMap":{"0":{"loc":{"start":{"line":3,"column":154},"end":{"line":3,"column":200}},"type":"cond-expr","locations":[{"start":{"line":3,"column":178},"end":{"line":3,"column":181}},{"start":{"line":3,"column":184},"end":{"line":3,"column":200}}],"line":3},"1":{"loc":{"start":{"line":3,"column":154},"end":{"line":3,"column":175}},"type":"binary-expr","locations":[{"start":{"line":3,"column":154},"end":{"line":3,"column":157}},{"start":{"line":3,"column":161},"end":{"line":3,"column":175}}],"line":3}},"s":{"0":0,"1":0,"2":0,"3":0,"4":0,"5":0,"6":0,"7":0,"8":0,"9":0,"10":0,"11":0,"12":0,"13":0,"14":0,"15":0,"16":0,"17":0,"18":0,"19":0,"20":0,"21":0,"22":0,"23":0,"24":0,"25":0,"26":0,"27":0},"f":{"0":0,"1":0,"2":0,"3":0,"4":0,"5":0,"6":0,"7":0,"8":0,"9":0,"10":0,"11":0,"12":0,"13":0,"14":0},"b":{"0":[0,0],"1":[0,0]}}
,"/Users/Gavin/codefellows/postGrad/reactDataVisualization/src/components/TestMap.js": {"path":"/Users/Gavin/codefellows/postGrad/reactDataVisualization/src/components/TestMap.js","statementMap":{"0":{"start":{"line":1,"column":13},"end":{"line":1,"column":75}},"1":{"start":{"line":1,"column":94},"end":{"line":1,"column":178}},"2":{"start":{"line":1,"column":192},"end":{"line":1,"column":208}},"3":{"start":{"line":1,"column":223},"end":{"line":1,"column":253}},"4":{"start":{"line":2,"column":21},"end":{"line":2,"column":47}},"5":{"start":{"line":2,"column":70},"end":{"line":2,"column":108}},"6":{"start":{"line":3,"column":18},"end":{"line":3,"column":40}},"7":{"start":{"line":5,"column":17},"end":{"line":5,"column":38}},"8":{"start":{"line":5,"column":57},"end":{"line":5,"column":91}},"9":{"start":{"line":6,"column":14},"end":{"line":6,"column":43}},"10":{"start":{"line":7,"column":14},"end":{"line":7,"column":43}},"11":{"start":{"line":7,"column":59},"end":{"line":7,"column":90}},"12":{"start":{"line":8,"column":14},"end":{"line":8,"column":43}},"13":{"start":{"line":8,"column":59},"end":{"line":8,"column":90}},"14":{"start":{"line":9,"column":12},"end":{"line":9,"column":39}},"15":{"start":{"line":9,"column":53},"end":{"line":9,"column":82}},"16":{"start":{"line":10,"column":15},"end":{"line":10,"column":45}},"17":{"start":{"line":10,"column":62},"end":{"line":10,"column":94}},"18":{"start":{"line":10,"column":133},"end":{"line":10,"column":187}},"19":{"start":{"line":13,"column":15},"end":{"line":18,"column":21}},"20":{"start":{"line":21,"column":12},"end":{"line":22,"column":58}},"21":{"start":{"line":27,"column":4},"end":{"line":27,"column":17}},"22":{"start":{"line":27,"column":17},"end":{"line":53,"column":6}},"23":{"start":{"line":49,"column":35},"end":{"line":53,"column":5}},"24":{"start":{"line":50,"column":6},"end":{"line":51,"column":24}},"25":{"start":{"line":53,"column":6},"end":{"line":60,"column":6}},"26":{"start":{"line":56,"column":6},"end":{"line":56,"column":41}},"27":{"start":{"line":58,"column":8},"end":{"line":58,"column":41}},"28":{"start":{"line":60,"column":6},"end":{"line":60,"column":77}},"29":{"start":{"line":61,"column":5},"end":{"line":61,"column":226}},"30":{"start":{"line":63,"column":4},"end":{"line":110,"column":125}},"31":{"start":{"line":75,"column":29},"end":{"line":75,"column":49}},"32":{"start":{"line":96,"column":14},"end":{"line":96,"column":27}},"33":{"start":{"line":119,"column":24},"end":{"line":121,"column":29}},"34":{"start":{"line":119,"column":34},"end":{"line":121,"column":28}},"35":{"start":{"line":124,"column":27},"end":{"line":124,"column":43}},"36":{"start":{"line":124,"column":40},"end":{"line":124,"column":42}},"37":{"start":{"line":124,"column":44},"end":{"line":126,"column":71}}},"fnMap":{"0":{"name":"_interopRequireDefault","decl":{"start":{"line":10,"column":104},"end":{"line":10,"column":126}},"loc":{"start":{"line":10,"column":132},"end":{"line":10,"column":188}},"line":10},"1":{"name":"(anonymous_1)","decl":{"start":{"line":26,"column":2},"end":{"line":26,"column":3}},"loc":{"start":{"line":26,"column":21},"end":{"line":60,"column":78}},"line":26},"2":{"name":"(anonymous_2)","decl":{"start":{"line":49,"column":19},"end":{"line":49,"column":20}},"loc":{"start":{"line":49,"column":35},"end":{"line":53,"column":5}},"line":49},"3":{"name":"(anonymous_3)","decl":{"start":{"line":49,"column":35},"end":{"line":49,"column":36}},"loc":{"start":{"line":49,"column":41},"end":{"line":53,"column":5}},"line":49},"4":{"name":"(anonymous_4)","decl":{"start":{"line":55,"column":20},"end":{"line":55,"column":21}},"loc":{"start":{"line":55,"column":31},"end":{"line":60,"column":5}},"line":55},"5":{"name":"(anonymous_5)","decl":{"start":{"line":60,"column":78},"end":{"line":60,"column":79}},"loc":{"start":{"line":60,"column":115},"end":{"line":61,"column":228}},"line":60},"6":{"name":"(anonymous_6)","decl":{"start":{"line":62,"column":2},"end":{"line":62,"column":3}},"loc":{"start":{"line":62,"column":11},"end":{"line":117,"column":3}},"line":62},"7":{"name":"(anonymous_7)","decl":{"start":{"line":75,"column":23},"end":{"line":75,"column":24}},"loc":{"start":{"line":75,"column":29},"end":{"line":75,"column":49}},"line":75},"8":{"name":"(anonymous_8)","decl":{"start":{"line":95,"column":17},"end":{"line":95,"column":18}},"loc":{"start":{"line":95,"column":22},"end":{"line":97,"column":13}},"line":95},"9":{"name":"(anonymous_9)","decl":{"start":{"line":119,"column":24},"end":{"line":119,"column":25}},"loc":{"start":{"line":119,"column":34},"end":{"line":121,"column":28}},"line":119},"10":{"name":"(anonymous_10)","decl":{"start":{"line":124,"column":27},"end":{"line":124,"column":28}},"loc":{"start":{"line":124,"column":40},"end":{"line":124,"column":42}},"line":124}},"branchMap":{"0":{"loc":{"start":{"line":10,"column":140},"end":{"line":10,"column":186}},"type":"cond-expr","locations":[{"start":{"line":10,"column":164},"end":{"line":10,"column":167}},{"start":{"line":10,"column":170},"end":{"line":10,"column":186}}],"line":10},"1":{"loc":{"start":{"line":10,"column":140},"end":{"line":10,"column":161}},"type":"binary-expr","locations":[{"start":{"line":10,"column":140},"end":{"line":10,"column":143}},{"start":{"line":10,"column":147},"end":{"line":10,"column":161}}],"line":10},"2":{"loc":{"start":{"line":61,"column":5},"end":{"line":61,"column":225}},"type":"cond-expr","locations":[{"start":{"line":61,"column":101},"end":{"line":61,"column":213}},{"start":{"line":61,"column":216},"end":{"line":61,"column":225}}],"line":61},"3":{"loc":{"start":{"line":61,"column":5},"end":{"line":61,"column":98}},"type":"binary-expr","locations":[{"start":{"line":61,"column":5},"end":{"line":61,"column":42}},{"start":{"line":61,"column":46},"end":{"line":61,"column":98}}],"line":61}},"s":{"0":0,"1":0,"2":0,"3":0,"4":0,"5":0,"6":0,"7":0,"8":0,"9":0,"10":0,"11":0,"12":0,"13":0,"14":0,"15":0,"16":0,"17":0,"18":0,"19":0,"20":0,"21":0,"22":0,"23":0,"24":0,"25":0,"26":0,"27":0,"28":0,"29":0,"30":0,"31":0,"32":0,"33":0,"34":0,"35":0,"36":0,"37":0},"f":{"0":0,"1":0,"2":0,"3":0,"4":0,"5":0,"6":0,"7":0,"8":0,"9":0,"10":0},"b":{"0":[0,0],"1":[0,0],"2":[0,0],"3":[0,0]}}
,"/Users/Gavin/codefellows/postGrad/reactDataVisualization/src/components/data.js": {"path":"/Users/Gavin/codefellows/postGrad/reactDataVisualization/src/components/data.js","statementMap":{"0":{"start":{"line":1,"column":13},"end":{"line":1,"column":75}},"1":{"start":{"line":1,"column":94},"end":{"line":1,"column":175}},"2":{"start":{"line":3,"column":13},"end":{"line":3,"column":29}},"3":{"start":{"line":3,"column":44},"end":{"line":3,"column":74}},"4":{"start":{"line":4,"column":18},"end":{"line":4,"column":40}},"5":{"start":{"line":6,"column":18},"end":{"line":6,"column":39}},"6":{"start":{"line":8,"column":20},"end":{"line":8,"column":70}},"7":{"start":{"line":8,"column":92},"end":{"line":8,"column":129}},"8":{"start":{"line":8,"column":168},"end":{"line":8,"column":222}},"9":{"start":{"line":10,"column":17},"end":{"line":10,"column":55}},"10":{"start":{"line":11,"column":13},"end":{"line":11,"column":28}},"11":{"start":{"line":15,"column":4},"end":{"line":15,"column":17}},"12":{"start":{"line":16,"column":4},"end":{"line":22,"column":19}},"13":{"start":{"line":24,"column":4},"end":{"line":24,"column":53}},"14":{"start":{"line":25,"column":4},"end":{"line":25,"column":53}},"15":{"start":{"line":26,"column":4},"end":{"line":26,"column":39}},"16":{"start":{"line":27,"column":4},"end":{"line":27,"column":41}},"17":{"start":{"line":28,"column":4},"end":{"line":28,"column":31}},"18":{"start":{"line":32,"column":4},"end":{"line":33,"column":41}},"19":{"start":{"line":38,"column":4},"end":{"line":42,"column":7}},"20":{"start":{"line":39,"column":6},"end":{"line":40,"column":22}},"21":{"start":{"line":46,"column":4},"end":{"line":51,"column":7}},"22":{"start":{"line":47,"column":19},"end":{"line":47,"column":30}},"23":{"start":{"line":48,"column":6},"end":{"line":49,"column":16}},"24":{"start":{"line":55,"column":4},"end":{"line":55,"column":23}},"25":{"start":{"line":56,"column":21},"end":{"line":56,"column":55}},"26":{"start":{"line":57,"column":17},"end":{"line":61,"column":46}},"27":{"start":{"line":63,"column":4},"end":{"line":63,"column":24}},"28":{"start":{"line":64,"column":4},"end":{"line":68,"column":24}},"29":{"start":{"line":74,"column":4},"end":{"line":78,"column":7}},"30":{"start":{"line":75,"column":6},"end":{"line":77,"column":7}},"31":{"start":{"line":76,"column":8},"end":{"line":76,"column":32}},"32":{"start":{"line":80,"column":21},"end":{"line":80,"column":55}},"33":{"start":{"line":81,"column":4},"end":{"line":96,"column":7}},"34":{"start":{"line":82,"column":18},"end":{"line":82,"column":32}},"35":{"start":{"line":83,"column":21},"end":{"line":83,"column":23}},"36":{"start":{"line":84,"column":6},"end":{"line":92,"column":7}},"37":{"start":{"line":85,"column":8},"end":{"line":90,"column":48}},"38":{"start":{"line":93,"column":6},"end":{"line":94,"column":27}},"39":{"start":{"line":100,"column":4},"end":{"line":185,"column":22}},"40":{"start":{"line":160,"column":16},"end":{"line":181,"column":30}},"41":{"start":{"line":167,"column":41},"end":{"line":167,"column":76}},"42":{"start":{"line":177,"column":41},"end":{"line":177,"column":74}},"43":{"start":{"line":191,"column":4},"end":{"line":194,"column":13}}},"fnMap":{"0":{"name":"_interopRequireDefault","decl":{"start":{"line":8,"column":139},"end":{"line":8,"column":161}},"loc":{"start":{"line":8,"column":167},"end":{"line":8,"column":223}},"line":8},"1":{"name":"(anonymous_1)","decl":{"start":{"line":14,"column":2},"end":{"line":14,"column":3}},"loc":{"start":{"line":14,"column":21},"end":{"line":29,"column":3}},"line":14},"2":{"name":"(anonymous_2)","decl":{"start":{"line":31,"column":2},"end":{"line":31,"column":3}},"loc":{"start":{"line":31,"column":18},"end":{"line":35,"column":3}},"line":31},"3":{"name":"(anonymous_3)","decl":{"start":{"line":37,"column":2},"end":{"line":37,"column":3}},"loc":{"start":{"line":37,"column":11},"end":{"line":43,"column":3}},"line":37},"4":{"name":"(anonymous_4)","decl":{"start":{"line":38,"column":24},"end":{"line":38,"column":25}},"loc":{"start":{"line":38,"column":30},"end":{"line":42,"column":5}},"line":38},"5":{"name":"(anonymous_5)","decl":{"start":{"line":45,"column":2},"end":{"line":45,"column":3}},"loc":{"start":{"line":45,"column":10},"end":{"line":52,"column":3}},"line":45},"6":{"name":"(anonymous_6)","decl":{"start":{"line":46,"column":40},"end":{"line":46,"column":41}},"loc":{"start":{"line":46,"column":50},"end":{"line":51,"column":5}},"line":46},"7":{"name":"(anonymous_7)","decl":{"start":{"line":54,"column":2},"end":{"line":54,"column":3}},"loc":{"start":{"line":54,"column":18},"end":{"line":70,"column":3}},"line":54},"8":{"name":"(anonymous_8)","decl":{"start":{"line":72,"column":2},"end":{"line":72,"column":3}},"loc":{"start":{"line":72,"column":22},"end":{"line":97,"column":3}},"line":72},"9":{"name":"(anonymous_9)","decl":{"start":{"line":74,"column":28},"end":{"line":74,"column":29}},"loc":{"start":{"line":74,"column":36},"end":{"line":78,"column":5}},"line":74},"10":{"name":"(anonymous_10)","decl":{"start":{"line":81,"column":25},"end":{"line":81,"column":26}},"loc":{"start":{"line":81,"column":37},"end":{"line":96,"column":5}},"line":81},"11":{"name":"(anonymous_11)","decl":{"start":{"line":99,"column":2},"end":{"line":99,"column":3}},"loc":{"start":{"line":99,"column":11},"end":{"line":191,"column":3}},"line":99},"12":{"name":"(anonymous_12)","decl":{"start":{"line":159,"column":35},"end":{"line":159,"column":36}},"loc":{"start":{"line":159,"column":46},"end":{"line":185,"column":15}},"line":159},"13":{"name":"(anonymous_13)","decl":{"start":{"line":167,"column":35},"end":{"line":167,"column":36}},"loc":{"start":{"line":167,"column":41},"end":{"line":167,"column":76}},"line":167},"14":{"name":"(anonymous_14)","decl":{"start":{"line":177,"column":35},"end":{"line":177,"column":36}},"loc":{"start":{"line":177,"column":41},"end":{"line":177,"column":74}},"line":177}},"branchMap":{"0":{"loc":{"start":{"line":8,"column":175},"end":{"line":8,"column":221}},"type":"cond-expr","locations":[{"start":{"line":8,"column":199},"end":{"line":8,"column":202}},{"start":{"line":8,"column":205},"end":{"line":8,"column":221}}],"line":8},"1":{"loc":{"start":{"line":8,"column":175},"end":{"line":8,"column":196}},"type":"binary-expr","locations":[{"start":{"line":8,"column":175},"end":{"line":8,"column":178}},{"start":{"line":8,"column":182},"end":{"line":8,"column":196}}],"line":8},"2":{"loc":{"start":{"line":75,"column":6},"end":{"line":77,"column":7}},"type":"if","locations":[{"start":{"line":75,"column":6},"end":{"line":77,"column":7}},{"start":{"line":75,"column":6},"end":{"line":77,"column":7}}],"line":75},"3":{"loc":{"start":{"line":105,"column":12},"end":{"line":108,"column":155}},"type":"cond-expr","locations":[{"start":{"line":106,"column":12},"end":{"line":106,"column":157}},{"start":{"line":108,"column":12},"end":{"line":108,"column":155}}],"line":105},"4":{"loc":{"start":{"line":112,"column":12},"end":{"line":150,"column":189}},"type":"cond-expr","locations":[{"start":{"line":113,"column":12},"end":{"line":145,"column":148}},{"start":{"line":149,"column":12},"end":{"line":150,"column":189}}],"line":112},"5":{"loc":{"start":{"line":165,"column":22},"end":{"line":171,"column":26}},"type":"cond-expr","locations":[{"start":{"line":166,"column":22},"end":{"line":167,"column":163}},{"start":{"line":171,"column":22},"end":{"line":171,"column":26}}],"line":165},"6":{"loc":{"start":{"line":175,"column":22},"end":{"line":181,"column":26}},"type":"cond-expr","locations":[{"start":{"line":176,"column":22},"end":{"line":177,"column":161}},{"start":{"line":181,"column":22},"end":{"line":181,"column":26}}],"line":175}},"s":{"0":0,"1":0,"2":0,"3":0,"4":0,"5":0,"6":0,"7":0,"8":0,"9":0,"10":0,"11":0,"12":0,"13":0,"14":0,"15":0,"16":0,"17":0,"18":0,"19":0,"20":0,"21":0,"22":0,"23":0,"24":0,"25":0,"26":0,"27":0,"28":0,"29":0,"30":0,"31":0,"32":0,"33":0,"34":0,"35":0,"36":0,"37":0,"38":0,"39":0,"40":0,"41":0,"42":0,"43":0},"f":{"0":0,"1":0,"2":0,"3":0,"4":0,"5":0,"6":0,"7":0,"8":0,"9":0,"10":0,"11":0,"12":0,"13":0,"14":0},"b":{"0":[0,0],"1":[0,0],"2":[0,0],"3":[0,0],"4":[0,0],"5":[0,0],"6":[0,0]}}
,"/Users/Gavin/codefellows/postGrad/reactDataVisualization/src/lib/app-create-store.js": {"path":"/Users/Gavin/codefellows/postGrad/reactDataVisualization/src/lib/app-create-store.js","statementMap":{"0":{"start":{"line":1,"column":13},"end":{"line":1,"column":75}},"1":{"start":{"line":1,"column":90},"end":{"line":1,"column":111}},"2":{"start":{"line":1,"column":128},"end":{"line":1,"column":160}},"3":{"start":{"line":2,"column":18},"end":{"line":2,"column":42}},"4":{"start":{"line":2,"column":62},"end":{"line":2,"column":97}},"5":{"start":{"line":3,"column":21},"end":{"line":3,"column":48}},"6":{"start":{"line":3,"column":71},"end":{"line":3,"column":109}},"7":{"start":{"line":4,"column":13},"end":{"line":4,"column":29}},"8":{"start":{"line":4,"column":68},"end":{"line":4,"column":122}},"9":{"start":{"line":6,"column":21},"end":{"line":7,"column":150}},"10":{"start":{"line":7,"column":0},"end":{"line":7,"column":150}},"11":{"start":{"line":7,"column":151},"end":{"line":9,"column":15}}},"fnMap":{"0":{"name":"_interopRequireDefault","decl":{"start":{"line":4,"column":39},"end":{"line":4,"column":61}},"loc":{"start":{"line":4,"column":67},"end":{"line":4,"column":123}},"line":4},"1":{"name":"(anonymous_1)","decl":{"start":{"line":6,"column":21},"end":{"line":6,"column":22}},"loc":{"start":{"line":7,"column":0},"end":{"line":7,"column":150}},"line":7}},"branchMap":{"0":{"loc":{"start":{"line":4,"column":75},"end":{"line":4,"column":121}},"type":"cond-expr","locations":[{"start":{"line":4,"column":99},"end":{"line":4,"column":102}},{"start":{"line":4,"column":105},"end":{"line":4,"column":121}}],"line":4},"1":{"loc":{"start":{"line":4,"column":75},"end":{"line":4,"column":96}},"type":"binary-expr","locations":[{"start":{"line":4,"column":75},"end":{"line":4,"column":78}},{"start":{"line":4,"column":82},"end":{"line":4,"column":96}}],"line":4}},"s":{"0":0,"1":0,"2":0,"3":0,"4":0,"5":0,"6":0,"7":0,"8":0,"9":0,"10":0,"11":0},"f":{"0":0,"1":0},"b":{"0":[0,0],"1":[0,0]}}
,"/Users/Gavin/codefellows/postGrad/reactDataVisualization/src/lib/redux-reporter.js": {"path":"/Users/Gavin/codefellows/postGrad/reactDataVisualization/src/lib/redux-reporter.js","statementMap":{"0":{"start":{"line":1,"column":13},"end":{"line":1,"column":75}},"1":{"start":{"line":1,"column":90},"end":{"line":13,"column":1}},"2":{"start":{"line":1,"column":99},"end":{"line":13,"column":1}},"3":{"start":{"line":1,"column":107},"end":{"line":13,"column":1}},"4":{"start":{"line":2,"column":2},"end":{"line":2,"column":36}},"5":{"start":{"line":4,"column":2},"end":{"line":12,"column":3}},"6":{"start":{"line":5,"column":17},"end":{"line":5,"column":29}},"7":{"start":{"line":6,"column":4},"end":{"line":6,"column":47}},"8":{"start":{"line":7,"column":4},"end":{"line":7,"column":18}},"9":{"start":{"line":9,"column":4},"end":{"line":9,"column":22}},"10":{"start":{"line":10,"column":4},"end":{"line":10,"column":34}},"11":{"start":{"line":11,"column":4},"end":{"line":11,"column":13}},"12":{"start":{"line":13,"column":2},"end":{"line":15,"column":9}}},"fnMap":{"0":{"name":"(anonymous_0)","decl":{"start":{"line":1,"column":90},"end":{"line":1,"column":91}},"loc":{"start":{"line":1,"column":99},"end":{"line":13,"column":1}},"line":1},"1":{"name":"(anonymous_1)","decl":{"start":{"line":1,"column":99},"end":{"line":1,"column":100}},"loc":{"start":{"line":1,"column":107},"end":{"line":13,"column":1}},"line":1},"2":{"name":"(anonymous_2)","decl":{"start":{"line":1,"column":107},"end":{"line":1,"column":108}},"loc":{"start":{"line":1,"column":117},"end":{"line":13,"column":1}},"line":1}},"branchMap":{},"s":{"0":0,"1":0,"2":0,"3":0,"4":0,"5":0,"6":0,"7":0,"8":0,"9":0,"10":0,"11":0,"12":0},"f":{"0":0,"1":0,"2":0},"b":{}}
,"/Users/Gavin/codefellows/postGrad/reactDataVisualization/src/lib/redux-thunk.js": {"path":"/Users/Gavin/codefellows/postGrad/reactDataVisualization/src/lib/redux-thunk.js","statementMap":{"0":{"start":{"line":1,"column":13},"end":{"line":1,"column":75}},"1":{"start":{"line":1,"column":75},"end":{"line":5,"column":2}},"2":{"start":{"line":1,"column":102},"end":{"line":5,"column":1}},"3":{"start":{"line":1,"column":110},"end":{"line":5,"column":1}},"4":{"start":{"line":2,"column":2},"end":{"line":4,"column":15}}},"fnMap":{"0":{"name":"(anonymous_0)","decl":{"start":{"line":1,"column":93},"end":{"line":1,"column":94}},"loc":{"start":{"line":1,"column":102},"end":{"line":5,"column":1}},"line":1},"1":{"name":"(anonymous_1)","decl":{"start":{"line":1,"column":102},"end":{"line":1,"column":103}},"loc":{"start":{"line":1,"column":110},"end":{"line":5,"column":1}},"line":1},"2":{"name":"(anonymous_2)","decl":{"start":{"line":1,"column":110},"end":{"line":1,"column":111}},"loc":{"start":{"line":1,"column":120},"end":{"line":5,"column":1}},"line":1}},"branchMap":{"0":{"loc":{"start":{"line":2,"column":9},"end":{"line":4,"column":14}},"type":"cond-expr","locations":[{"start":{"line":3,"column":2},"end":{"line":3,"column":40}},{"start":{"line":4,"column":2},"end":{"line":4,"column":14}}],"line":2}},"s":{"0":0,"1":0,"2":0,"3":0,"4":0},"f":{"0":0,"1":0,"2":0},"b":{"0":[0,0]}}
,"/Users/Gavin/codefellows/postGrad/reactDataVisualization/src/reducer/index.js": {"path":"/Users/Gavin/codefellows/postGrad/reactDataVisualization/src/reducer/index.js","statementMap":{"0":{"start":{"line":1,"column":13},"end":{"line":1,"column":75}},"1":{"start":{"line":1,"column":88},"end":{"line":1,"column":104}},"2":{"start":{"line":2,"column":16},"end":{"line":2,"column":37}},"3":{"start":{"line":2,"column":55},"end":{"line":2,"column":88}},"4":{"start":{"line":3,"column":15},"end":{"line":3,"column":35}},"5":{"start":{"line":3,"column":52},"end":{"line":3,"column":84}},"6":{"start":{"line":3,"column":123},"end":{"line":3,"column":177}},"7":{"start":{"line":3,"column":178},"end":{"line":7,"column":32}}},"fnMap":{"0":{"name":"_interopRequireDefault","decl":{"start":{"line":3,"column":94},"end":{"line":3,"column":116}},"loc":{"start":{"line":3,"column":122},"end":{"line":3,"column":178}},"line":3}},"branchMap":{"0":{"loc":{"start":{"line":3,"column":130},"end":{"line":3,"column":176}},"type":"cond-expr","locations":[{"start":{"line":3,"column":154},"end":{"line":3,"column":157}},{"start":{"line":3,"column":160},"end":{"line":3,"column":176}}],"line":3},"1":{"loc":{"start":{"line":3,"column":130},"end":{"line":3,"column":151}},"type":"binary-expr","locations":[{"start":{"line":3,"column":130},"end":{"line":3,"column":133}},{"start":{"line":3,"column":137},"end":{"line":3,"column":151}}],"line":3}},"s":{"0":0,"1":0,"2":0,"3":0,"4":0,"5":0,"6":0,"7":0},"f":{"0":0},"b":{"0":[0,0],"1":[0,0]}}
,"/Users/Gavin/codefellows/postGrad/reactDataVisualization/src/reducer/location.js": {"path":"/Users/Gavin/codefellows/postGrad/reactDataVisualization/src/reducer/location.js","statementMap":{"0":{"start":{"line":1,"column":13},"end":{"line":1,"column":75}},"1":{"start":{"line":1,"column":75},"end":{"line":16,"column":2}},"2":{"start":{"line":2,"column":9},"end":{"line":2,"column":20}},"3":{"start":{"line":2,"column":31},"end":{"line":2,"column":45}},"4":{"start":{"line":3,"column":2},"end":{"line":14,"column":20}},"5":{"start":{"line":5,"column":6},"end":{"line":5,"column":21}},"6":{"start":{"line":7,"column":6},"end":{"line":7,"column":33}},"7":{"start":{"line":9,"column":6},"end":{"line":9,"column":21}},"8":{"start":{"line":12,"column":6},"end":{"line":12,"column":60}},"9":{"start":{"line":12,"column":34},"end":{"line":12,"column":58}},"10":{"start":{"line":14,"column":6},"end":{"line":14,"column":19}}},"fnMap":{"0":{"name":"(anonymous_0)","decl":{"start":{"line":1,"column":93},"end":{"line":1,"column":94}},"loc":{"start":{"line":1,"column":117},"end":{"line":16,"column":1}},"line":1},"1":{"name":"(anonymous_1)","decl":{"start":{"line":12,"column":26},"end":{"line":12,"column":27}},"loc":{"start":{"line":12,"column":34},"end":{"line":12,"column":58}},"line":12}},"branchMap":{"0":{"loc":{"start":{"line":1,"column":94},"end":{"line":1,"column":104}},"type":"default-arg","locations":[{"start":{"line":1,"column":102},"end":{"line":1,"column":104}}],"line":1},"1":{"loc":{"start":{"line":3,"column":2},"end":{"line":14,"column":20}},"type":"switch","locations":[{"start":{"line":4,"column":4},"end":{"line":5,"column":21}},{"start":{"line":6,"column":4},"end":{"line":7,"column":33}},{"start":{"line":8,"column":4},"end":{"line":9,"column":21}},{"start":{"line":11,"column":4},"end":{"line":12,"column":60}},{"start":{"line":13,"column":4},"end":{"line":14,"column":19}}],"line":3}},"s":{"0":0,"1":0,"2":0,"3":0,"4":0,"5":0,"6":0,"7":0,"8":0,"9":0,"10":0},"f":{"0":0,"1":0},"b":{"0":[0],"1":[0,0,0,0,0]}}
,"/Users/Gavin/codefellows/postGrad/reactDataVisualization/src/reducer/weather.js": {"path":"/Users/Gavin/codefellows/postGrad/reactDataVisualization/src/reducer/weather.js","statementMap":{"0":{"start":{"line":1,"column":13},"end":{"line":1,"column":75}},"1":{"start":{"line":1,"column":75},"end":{"line":16,"column":2}},"2":{"start":{"line":2,"column":9},"end":{"line":2,"column":20}},"3":{"start":{"line":2,"column":31},"end":{"line":2,"column":45}},"4":{"start":{"line":3,"column":2},"end":{"line":14,"column":20}},"5":{"start":{"line":5,"column":6},"end":{"line":5,"column":21}},"6":{"start":{"line":7,"column":6},"end":{"line":7,"column":33}},"7":{"start":{"line":9,"column":6},"end":{"line":9,"column":21}},"8":{"start":{"line":12,"column":6},"end":{"line":12,"column":60}},"9":{"start":{"line":12,"column":34},"end":{"line":12,"column":58}},"10":{"start":{"line":14,"column":6},"end":{"line":14,"column":19}}},"fnMap":{"0":{"name":"(anonymous_0)","decl":{"start":{"line":1,"column":93},"end":{"line":1,"column":94}},"loc":{"start":{"line":1,"column":117},"end":{"line":16,"column":1}},"line":1},"1":{"name":"(anonymous_1)","decl":{"start":{"line":12,"column":26},"end":{"line":12,"column":27}},"loc":{"start":{"line":12,"column":34},"end":{"line":12,"column":58}},"line":12}},"branchMap":{"0":{"loc":{"start":{"line":1,"column":94},"end":{"line":1,"column":104}},"type":"default-arg","locations":[{"start":{"line":1,"column":102},"end":{"line":1,"column":104}}],"line":1},"1":{"loc":{"start":{"line":3,"column":2},"end":{"line":14,"column":20}},"type":"switch","locations":[{"start":{"line":4,"column":4},"end":{"line":5,"column":21}},{"start":{"line":6,"column":4},"end":{"line":7,"column":33}},{"start":{"line":8,"column":4},"end":{"line":9,"column":21}},{"start":{"line":11,"column":4},"end":{"line":12,"column":60}},{"start":{"line":13,"column":4},"end":{"line":14,"column":19}}],"line":3}},"s":{"0":0,"1":0,"2":0,"3":0,"4":0,"5":0,"6":0,"7":0,"8":0,"9":0,"10":0},"f":{"0":0,"1":0},"b":{"0":[0],"1":[0,0,0,0,0]}}
,"/Users/Gavin/codefellows/postGrad/reactDataVisualization/src/utils/tileData.js": {"path":"/Users/Gavin/codefellows/postGrad/reactDataVisualization/src/utils/tileData.js","statementMap":{"0":{"start":{"line":1,"column":13},"end":{"line":1,"column":75}},"1":{"start":{"line":1,"column":75},"end":{"line":1,"column":150}},"2":{"start":{"line":1,"column":169},"end":{"line":1,"column":249}},"3":{"start":{"line":1,"column":263},"end":{"line":1,"column":279}},"4":{"start":{"line":1,"column":294},"end":{"line":1,"column":324}},"5":{"start":{"line":2,"column":12},"end":{"line":2,"column":39}},"6":{"start":{"line":2,"column":78},"end":{"line":2,"column":132}},"7":{"start":{"line":11,"column":28},"end":{"line":23,"column":151}},"8":{"start":{"line":28,"column":33},"end":{"line":37,"column":149}}},"fnMap":{"0":{"name":"_interopRequireDefault","decl":{"start":{"line":2,"column":49},"end":{"line":2,"column":71}},"loc":{"start":{"line":2,"column":77},"end":{"line":2,"column":133}},"line":2}},"branchMap":{"0":{"loc":{"start":{"line":2,"column":85},"end":{"line":2,"column":131}},"type":"cond-expr","locations":[{"start":{"line":2,"column":109},"end":{"line":2,"column":112}},{"start":{"line":2,"column":115},"end":{"line":2,"column":131}}],"line":2},"1":{"loc":{"start":{"line":2,"column":85},"end":{"line":2,"column":106}},"type":"binary-expr","locations":[{"start":{"line":2,"column":85},"end":{"line":2,"column":88}},{"start":{"line":2,"column":92},"end":{"line":2,"column":106}}],"line":2}},"s":{"0":0,"1":0,"2":0,"3":0,"4":0,"5":0,"6":0,"7":0,"8":0},"f":{"0":0},"b":{"0":[0,0],"1":[0,0]}}
}
